Initializing document watcher...
Document watcher initialized
kuzey3258/app.js: {}
kuzey3258/app.js: {}
kuzey3258/app.js: {}
kuzey3258/app.yaml: {}
kuzey3258/package.json: {}
No more open editors.
No more open editors.
No more open editors.
kuzey3258/package.json: {}
kuzey3258/package.json: {}
kuzey3258/package.json: {}
kuzey3258/package.json: Using EditorConfig core...
kuzey3258/package.json: {}
kuzey3258/package.json: {}
kuzey3258/package.json: {}
kuzey3258/package.json: {}
kuzey3258/package.json: {}
kuzey3258/package.json: {}
kuzey3258/package.json: {}
kuzey3258/package.json: {}
kuzey3258/app.js: {}
kuzey3258/app.js: {}
kuzey3258/app.js: Using EditorConfig core...
kuzey3258/app.js: {}
kuzey3258/app.js: Using EditorConfig core...
kuzey3258/app.js: {}
kuzey3258/app.js: Using EditorConfig core...
kuzey3258/app.js: Using EditorConfig core...
kuzey3258/app.js: {}
kuzey3258/app.js: {}
kuzey3258/app.js: Using EditorConfig core...
kuzey3258/app.js: Using EditorConfig core...
kuzey3258/app.js: {}
kuzey3258/app.js: Using EditorConfig core...
kuzey3258/app.js: {}
kuzey3258/app.js: Using EditorConfig core...
kuzey3258/app.js: {}
kuzey3258/app.js: {}
kuzey3258/app.js: Using EditorConfig core...
kuzey3258/app.js: {}
kuzey3258/app.js: Using EditorConfig core...
kuzey3258/app.js: Using EditorConfig core...
kuzey3258/app.js: {}
kuzey3258/app.js: {}
kuzey3258/app.js: {}
kuzey3258/app.js: Using EditorConfig core...
kuzey3258/app.js: {}
kuzey3258/app.js: {}
kuzey3258/app.js: Using EditorConfig core...
kuzey3258/app.js: Using EditorConfig core...
kuzey3258/app.js: {}
kuzey3258/app.js: {}
kuzey3258/app.js: Using EditorConfig core...
kuzey3258/app.js: Using EditorConfig core...
kuzey3258/app.js: {}
kuzey3258/app.js: Using EditorConfig core...
kuzey3258/app.js: Using EditorConfig core...
kuzey3258/app.js: Using EditorConfig core...
kuzey3258/app.js: {}
kuzey3258/app.js: Using EditorConfig core...
kuzey3258/app.js: Using EditorConfig core...
kuzey3258/app.js: {}
kuzey3258/app.js: {}
kuzey3258/app.js: Using EditorConfig core...
kuzey3258/app.js: Using EditorConfig core...
kuzey3258/app.js: Using EditorConfig core...
kuzey3258/app.js: {}
kuzey3258/app.js: {}
kuzey3258/app.js: Using EditorConfig core...
kuzey3258/app.js: {}
kuzey3258/app.js: {}
kuzey3258/app.js: {}
kuzey3258/app.js: {}
kuzey3258/app.yaml: {}
kuzey3258/app.yaml: Using EditorConfig core...
kuzey3258/app.yaml: Using EditorConfig core...
kuzey3258/app.yaml: Using EditorConfig core...
