2024-05-08 20:52:46.050 [info] Extension host with pid 1480 started
2024-05-08 20:52:46.058 [error] Error: EEXIST: file already exists, open '/home/kuzey3258/.codeoss/data/User/workspaceStorage/-7f5850ca/vscode.lock'
2024-05-08 20:52:46.079 [info] Lock '/home/kuzey3258/.codeoss/data/User/workspaceStorage/-7f5850ca/vscode.lock': Could not acquire lock, checking if the file is stale.
2024-05-08 20:52:46.084 [info] Lock '/home/kuzey3258/.codeoss/data/User/workspaceStorage/-7f5850ca/vscode.lock': The pid 1138 appears to be gone.
2024-05-08 20:52:46.084 [info] Lock '/home/kuzey3258/.codeoss/data/User/workspaceStorage/-7f5850ca/vscode.lock': Deleting a stale lock.
2024-05-08 20:52:46.102 [info] Lock '/home/kuzey3258/.codeoss/data/User/workspaceStorage/-7f5850ca/vscode.lock': Lock acquired.
2024-05-08 20:52:54.615 [info] ExtensionService#_doActivateExtension vscode.emmet, startup: false, activationEvent: 'onLanguage'
2024-05-08 20:52:55.617 [info] ExtensionService#_doActivateExtension vscode.git-base, startup: true, activationEvent: '*', root cause: vscode.git
2024-05-08 20:52:55.624 [info] ExtensionService#_doActivateExtension vscode.npm, startup: true, activationEvent: 'workspaceContains:package.json'
2024-05-08 20:52:56.927 [error] No bundle location found for extension vscode.emmet
2024-05-08 20:52:58.533 [error] No bundle location found for extension vscode.git-base
2024-05-08 20:52:58.538 [info] ExtensionService#_doActivateExtension vscode.git, startup: true, activationEvent: '*'
2024-05-08 20:52:58.538 [info] ExtensionService#_doActivateExtension vscode.github, startup: true, activationEvent: '*'
2024-05-08 20:52:58.777 [error] No bundle location found for extension vscode.npm
2024-05-08 20:52:59.780 [error] No bundle location found for extension vscode.git
2024-05-08 20:52:59.780 [error] No bundle location found for extension vscode.github
2024-05-08 20:52:59.930 [warning] Using default string since no string found in i18n bundle that has the key: Log level: {0}
2024-05-08 20:52:59.936 [warning] Using default string since no string found in i18n bundle that has the key: Validating found git in: "{0}"
2024-05-08 20:52:59.948 [warning] Using default string since no string found in i18n bundle that has the key: Log level: {0}
2024-05-08 20:52:59.957 [warning] Using default string since no string found in i18n bundle that has the key: Enables the following features: {0}
2024-05-08 20:52:59.957 [warning] Using default string since no string found in i18n bundle that has the key: Using git "{0}" from "{1}"
2024-05-08 20:52:59.977 [warning] Using default string since no string found in i18n bundle that has the key: Git History
2024-05-08 20:52:59.981 [warning] Using default string since no string found in i18n bundle that has the key: Copy vscode.dev Link
2024-05-08 20:53:02.621 [info] Not activating extension 'golang.go': Timed out while searching for 'workspaceContains' pattern *.go,*/*.go,*/*/*.go
2024-05-08 20:53:02.621 [info] Not activating extension 'hashicorp.terraform': Timed out while searching for 'workspaceContains' pattern **/*.tf,**/*.tfvars
2024-05-08 20:53:02.621 [info] Not activating extension 'redhat.fabric8-analytics': Timed out while searching for 'workspaceContains' pattern **/package.json,**/pom.xml,**/requirements.txt,**/go.mod
2024-05-08 20:53:02.622 [info] Not activating extension 'redhat.java': Timed out while searching for 'workspaceContains' pattern */pom.xml,*/build.gradle,*/settings.gradle,*/build.gradle.kts,*/settings.gradle.kts,*/.classpath
2024-05-08 20:53:02.625 [info] Not activating extension 'vscjava.vscode-java-dependency': Timed out while searching for 'workspaceContains' pattern */pom.xml,*/build.gradle,*/settings.gradle,*/build.gradle.kts,*/settings.gradle.kts,*/.classpath
2024-05-08 20:53:02.626 [info] Not activating extension 'vscjava.vscode-java-test': Timed out while searching for 'workspaceContains' pattern */pom.xml,*/build.gradle,*/settings.gradle,*/build.gradle.kts,*/settings.gradle.kts,*/.classpath
2024-05-08 20:53:02.626 [info] Not activating extension 'vscjava.vscode-maven': Timed out while searching for 'workspaceContains' pattern **/pom.xml
2024-05-08 20:53:02.884 [info] Eager extensions activated
2024-05-08 20:53:02.884 [info] ExtensionService#_doActivateExtension EditorConfig.EditorConfig, startup: false, activationEvent: 'onStartupFinished'
2024-05-08 20:53:02.884 [info] ExtensionService#_doActivateExtension google.cloud-shell, startup: false, activationEvent: 'onStartupFinished'
2024-05-08 20:53:02.885 [info] ExtensionService#_doActivateExtension googlecloudtools.cloudcode, startup: false, activationEvent: 'onStartupFinished'
2024-05-08 20:53:02.885 [info] ExtensionService#_doActivateExtension vscode.debug-auto-launch, startup: false, activationEvent: 'onStartupFinished'
2024-05-08 20:53:02.886 [info] ExtensionService#_doActivateExtension vscode.merge-conflict, startup: false, activationEvent: 'onStartupFinished'
2024-05-08 20:53:04.388 [error] No bundle location found for extension EditorConfig.EditorConfig
2024-05-08 20:53:04.388 [error] No bundle location found for extension google.cloud-shell
2024-05-08 20:53:04.388 [error] No bundle location found for extension googlecloudtools.cloudcode
2024-05-08 20:53:04.388 [error] No bundle location found for extension vscode.debug-auto-launch
2024-05-08 20:53:06.547 [warning] Using default string since no string found in i18n bundle that has the key: Auto Attach: Disabled
2024-05-08 20:53:06.547 [warning] Using default string since no string found in i18n bundle that has the key: Auto Attach: Always
2024-05-08 20:53:06.547 [warning] Using default string since no string found in i18n bundle that has the key: Auto Attach: Smart
2024-05-08 20:53:06.547 [warning] Using default string since no string found in i18n bundle that has the key: Auto Attach: With Flag
2024-05-08 20:53:06.547 [warning] Using default string since no string found in i18n bundle that has the key: Disabled
2024-05-08 20:53:06.547 [warning] Using default string since no string found in i18n bundle that has the key: Always
2024-05-08 20:53:06.547 [warning] Using default string since no string found in i18n bundle that has the key: Smart
2024-05-08 20:53:06.547 [warning] Using default string since no string found in i18n bundle that has the key: Only With Flag
2024-05-08 20:53:06.547 [warning] Using default string since no string found in i18n bundle that has the key: Auto attach is disabled and not shown in status bar
2024-05-08 20:53:06.547 [warning] Using default string since no string found in i18n bundle that has the key: Auto attach to every Node.js process launched in the terminal
2024-05-08 20:53:06.547 [warning] Using default string since no string found in i18n bundle that has the key: Auto attach when running scripts that aren't in a node_modules folder
2024-05-08 20:53:06.547 [warning] Using default string since no string found in i18n bundle that has the key: Only auto attach when the `--inspect` flag is given
2024-05-08 20:53:06.547 [warning] Using default string since no string found in i18n bundle that has the key: Toggle auto attach in this workspace
2024-05-08 20:53:06.547 [warning] Using default string since no string found in i18n bundle that has the key: Toggle auto attach on this machine
2024-05-08 20:53:06.547 [warning] Using default string since no string found in i18n bundle that has the key: Temporarily disable auto attach in this session
2024-05-08 20:53:06.547 [warning] Using default string since no string found in i18n bundle that has the key: Re-enable auto attach
2024-05-08 20:53:06.547 [warning] Using default string since no string found in i18n bundle that has the key: Auto Attach: Disabled
2024-05-08 20:53:06.643 [error] No bundle location found for extension vscode.merge-conflict
2024-05-08 20:53:06.678 [warning] Using default string since no string found in i18n bundle that has the key: (Current Change)
2024-05-08 20:53:06.679 [warning] Using default string since no string found in i18n bundle that has the key: (Incoming Change)
2024-05-08 20:53:07.012 [info] ExtensionService#_doActivateExtension vscode.json-language-features, startup: false, activationEvent: 'onLanguage:jsonc'
2024-05-08 20:53:07.012 [info] ExtensionService#_doActivateExtension vscode.typescript-language-features, startup: false, activationEvent: 'onLanguage:jsonc'
2024-05-08 20:53:08.646 [error] No bundle location found for extension vscode.json-language-features
2024-05-08 20:53:08.646 [error] No bundle location found for extension vscode.typescript-language-features
2024-05-08 20:53:08.729 [warning] Using default string since no string found in i18n bundle that has the key: Configure
2024-05-08 20:53:08.729 [warning] Using default string since no string found in i18n bundle that has the key: JSON Language Server
2024-05-08 20:53:08.822 [warning] Using default string since no string found in i18n bundle that has the key: Learn more about managing TypeScript versions
2024-05-08 20:53:08.848 [warning] Using default string since no string found in i18n bundle that has the key: JSON: Schema Resolution Error
2024-05-08 20:53:09.055 [warning] Using default string since no string found in i18n bundle that has the key: Unable to resolve schema. Click to retry.
2024-05-08 20:53:09.056 [warning] Using default string since no string found in i18n bundle that has the key: JSON Validation Status
2024-05-08 20:53:09.057 [warning] Using default string since no string found in i18n bundle that has the key: Unable to compute used schemas: No document
2024-05-08 20:53:19.401 [warning] Using default string since no string found in i18n bundle that has the key: (Current Change)
2024-05-08 20:53:19.401 [warning] Using default string since no string found in i18n bundle that has the key: (Incoming Change)
2024-05-08 20:53:20.815 [warning] Using default string since no string found in i18n bundle that has the key: Loading JSON info
2024-05-08 20:53:20.833 [warning] Using default string since no string found in i18n bundle that has the key: TypeScript Version
2024-05-08 20:53:20.833 [warning] Using default string since no string found in i18n bundle that has the key: TypeScript Version
2024-05-08 20:53:20.834 [warning] Using default string since no string found in i18n bundle that has the key: TypeScript: Configure Excludes
2024-05-08 20:53:20.884 [warning] Using default string since no string found in i18n bundle that has the key: Select Version
2024-05-08 20:53:20.894 [warning] Using default string since no string found in i18n bundle that has the key: JS/TS IntelliSense Status
2024-05-08 20:53:20.894 [warning] Using default string since no string found in i18n bundle that has the key: Loading IntelliSense status
2024-05-08 20:53:20.901 [warning] Using default string since no string found in i18n bundle that has the key: Could not determine references
2024-05-08 20:53:20.909 [warning] Using default string since no string found in i18n bundle that has the key: Enables semantic checking in a JavaScript file. Must be at the top of a file.
2024-05-08 20:53:20.909 [warning] Using default string since no string found in i18n bundle that has the key: Disables semantic checking in a JavaScript file. Must be at the top of a file.
2024-05-08 20:53:20.910 [warning] Using default string since no string found in i18n bundle that has the key: Suppresses @ts-check errors on the next line of a file.
2024-05-08 20:53:20.910 [warning] Using default string since no string found in i18n bundle that has the key: Suppresses @ts-check errors on the next line of a file, expecting at least one to exist.
2024-05-08 20:53:20.922 [warning] Using default string since no string found in i18n bundle that has the key: Organize Imports
2024-05-08 20:53:20.922 [warning] Using default string since no string found in i18n bundle that has the key: Sort Imports
2024-05-08 20:53:20.922 [warning] Using default string since no string found in i18n bundle that has the key: Remove Unused Imports
2024-05-08 20:53:20.927 [warning] Using default string since no string found in i18n bundle that has the key: Learn more about JS/TS refactorings
2024-05-08 20:53:21.000 [warning] Using default string since no string found in i18n bundle that has the key: No Schema Validation
2024-05-08 20:53:21.000 [warning] Using default string since no string found in i18n bundle that has the key: no JSON schema configured
2024-05-08 20:53:21.001 [warning] Using default string since no string found in i18n bundle that has the key: Show Schemas
2024-05-08 20:53:34.758 [warning] Using default string since no string found in i18n bundle that has the key: No jsconfig
2024-05-08 20:53:34.759 [warning] Using default string since no string found in i18n bundle that has the key: Configure jsconfig
2024-05-08 20:53:37.916 [warning] Using default string since no string found in i18n bundle that has the key: Fetching data for better TypeScript IntelliSense
2024-05-08 21:12:44.184 [warning] Using default string since no string found in i18n bundle that has the key: Unable to compute used schemas: No document
2024-05-08 21:12:44.939 [warning] Using default string since no string found in i18n bundle that has the key: Loading JSON info
2024-05-08 21:12:44.940 [info] ExtensionService#_doActivateExtension vscode.extension-editing, startup: false, activationEvent: 'onLanguage:json'
2024-05-08 21:12:45.029 [warning] Using default string since no string found in i18n bundle that has the key: Schema Validated
2024-05-08 21:12:45.030 [warning] Using default string since no string found in i18n bundle that has the key: multiple JSON schemas configured
2024-05-08 21:12:45.030 [warning] Using default string since no string found in i18n bundle that has the key: Show Schemas
2024-05-08 21:12:48.921 [warning] Using default string since no string found in i18n bundle that has the key: Debug
2024-05-08 21:12:48.930 [error] No bundle location found for extension vscode.extension-editing
2024-05-08 21:12:48.976 [warning] Using default string since no string found in i18n bundle that has the key: This activation event cannot be explicitly listed by your extension.
2024-05-08 21:12:48.976 [warning] Using default string since no string found in i18n bundle that has the key: This activation event can be removed as Code OSS generates these automatically from your package.json contribution declarations.
2024-05-08 21:12:48.978 [warning] Using default string since no string found in i18n bundle that has the key: Images must use the HTTPS protocol.
2024-05-08 21:12:48.978 [warning] Using default string since no string found in i18n bundle that has the key: SVGs are not a valid image source.
2024-05-08 21:12:48.978 [warning] Using default string since no string found in i18n bundle that has the key: Embedded SVGs are not a valid image source.
2024-05-08 21:12:48.978 [warning] Using default string since no string found in i18n bundle that has the key: Data URLs are not a valid image source.
2024-05-08 21:12:48.978 [warning] Using default string since no string found in i18n bundle that has the key: Relative image URLs require a repository with HTTPS protocol to be specified in the package.json.
2024-05-08 21:12:48.978 [warning] Using default string since no string found in i18n bundle that has the key: Relative badge URLs require a repository with HTTPS protocol to be specified in this package.json.
2024-05-08 21:12:48.978 [warning] Using default string since no string found in i18n bundle that has the key: This proposal cannot be used because for this extension the product defines a fixed set of API proposals. You can test your extension but before publishing you MUST reach out to the Code OSS team.
2024-05-08 21:12:48.978 [warning] Using default string since no string found in i18n bundle that has the key: This activation event can be removed for extensions targeting engine version ^1.75 as Code OSS will generate these automatically from your package.json contribution declarations.
2024-05-08 21:12:48.978 [warning] Using default string since no string found in i18n bundle that has the key: Using '*' activation is usually a bad idea as it impacts performance.
2024-05-08 21:12:48.978 [warning] Using default string since no string found in i18n bundle that has the key: Error parsing the when-clause:
2024-05-08 21:12:49.563 [warning] Using default string since no string found in i18n bundle that has the key: {0} years ago
2024-05-08 21:12:49.563 [warning] Using default string since no string found in i18n bundle that has the key: Latest version: {0} published {1}
2024-05-08 21:12:50.324 [warning] Using default string since no string found in i18n bundle that has the key: Debug
2024-05-08 21:12:55.013 [warning] Using default string since no string found in i18n bundle that has the key: Debug
2024-05-08 21:12:55.639 [warning] Using default string since no string found in i18n bundle that has the key: Debug
2024-05-08 21:13:01.292 [warning] Using default string since no string found in i18n bundle that has the key: Debug
2024-05-08 21:13:01.298 [warning] Using default string since no string found in i18n bundle that has the key: Debug
2024-05-08 21:13:07.060 [warning] Using default string since no string found in i18n bundle that has the key: Debug
2024-05-08 21:13:07.064 [warning] Using default string since no string found in i18n bundle that has the key: Debug
2024-05-08 21:23:48.812 [info] Extension host terminating: received terminate message from renderer
2024-05-08 21:23:48.813 [info] Lock '/home/kuzey3258/.codeoss/data/User/workspaceStorage/-7f5850ca/vscode.lock': Marking the lockfile as scheduled to be released in 6000 ms.
2024-05-08 21:23:48.852 [info] Extension host with pid 1480 exiting with code 0
