Initializing document watcher...
Document watcher initialized
kuzey3258/package.json: {}
kuzey3258/app_server/views/admin/login.ejs: {}
kuzey3258/app_server/views/admin/login.ejs: {}
No more open editors.
kuzey3258/app_server/controller/adminController.js: {}
kuzey3258/app_server/models/dbModel.js: {}
kuzey3258/app_server/models/dbModel.js: {}
kuzey3258/app_server/controller/adminController.js: {}
kuzey3258/app_server/controller/adminController.js: Using EditorConfig core...
kuzey3258/app_server/controller/adminController.js: Using EditorConfig core...
kuzey3258/app_server/controller/adminController.js: Using EditorConfig core...
kuzey3258/app_server/controller/adminController.js: Using EditorConfig core...
kuzey3258/app_server/controller/adminController.js: Using EditorConfig core...
kuzey3258/app_server/controller/adminController.js: Using EditorConfig core...
kuzey3258/app_server/controller/adminController.js: Using EditorConfig core...
kuzey3258/app_server/controller/adminController.js: {}
kuzey3258/app_server/views/admin/login.ejs: {}
kuzey3258/app_server/views/admin/login.ejs: Using EditorConfig core...
kuzey3258/app_server/views/admin/login.ejs: Using EditorConfig core...
kuzey3258/app_server/views/admin/login.ejs: Using EditorConfig core...
kuzey3258/app_server/views/admin/login.ejs: Using EditorConfig core...
kuzey3258/app_server/views/admin/login.ejs: Using EditorConfig core...
kuzey3258/app_server/views/admin/login.ejs: {}
kuzey3258/app_server/views/admin/login.ejs: Using EditorConfig core...
kuzey3258/app_server/views/admin/login.ejs: Using EditorConfig core...
kuzey3258/app_server/views/admin/login.ejs: Using EditorConfig core...
kuzey3258/app_server/views/admin/login.ejs: {}
kuzey3258/app_server/views/admin/login.ejs: {}
kuzey3258/app_server/views/admin/login.ejs: {}
kuzey3258/app_server/views/admin/login.ejs: {}
kuzey3258/package.json: {}
kuzey3258/package.json: {}
kuzey3258/package.json: {}
kuzey3258/app.js: {}
kuzey3258/app.js: Using EditorConfig core...
kuzey3258/app.js: Using EditorConfig core...
kuzey3258/app.js: Using EditorConfig core...
kuzey3258/app.js: Using EditorConfig core...
kuzey3258/app.js: {}
kuzey3258/app.js: Using EditorConfig core...
kuzey3258/app.js: {}
kuzey3258/app.js: {}
kuzey3258/app.js: {}
kuzey3258/app.js: Using EditorConfig core...
kuzey3258/app.js: Using EditorConfig core...
kuzey3258/app.js: Using EditorConfig core...
