Initializing document watcher...
Document watcher initialized
kuzey3258/app.yaml: {}
kuzey3258/app.yaml: {}
kuzey3258/app.yaml: {}
kuzey3258/app.yaml: {}
kuzey3258/app.yaml: {}
kuzey3258/app.yaml: {}
kuzey3258/app.yaml: {}
kuzey3258/app.yaml: {}
kuzey3258/app.yaml: {}
kuzey3258/app.yaml: {}
kuzey3258/app.yaml: {}
kuzey3258/app.yaml: {}
kuzey3258/app.js: {}
kuzey3258/package.json: {}
kuzey3258/package.json: Using EditorConfig core...
kuzey3258/package.json: {}
kuzey3258/package.json: {}
kuzey3258/package.json: {}
kuzey3258/package.json: Using EditorConfig core...
kuzey3258/package.json: {}
kuzey3258/package.json: {}
kuzey3258/package.json: {}
kuzey3258/app.yaml: {}
kuzey3258/app.yaml: Using EditorConfig core...
kuzey3258/app.yaml: Using EditorConfig core...
kuzey3258/app.yaml: Using EditorConfig core...
kuzey3258/app.yaml: Using EditorConfig core...
kuzey3258/app.yaml: Using EditorConfig core...
kuzey3258/app.yaml: Using EditorConfig core...
kuzey3258/app.yaml: Using EditorConfig core...
kuzey3258/app.yaml: Using EditorConfig core...
kuzey3258/app.yaml: Using EditorConfig core...
kuzey3258/app.yaml: Using EditorConfig core...
kuzey3258/app.yaml: Using EditorConfig core...
kuzey3258/app.yaml: Using EditorConfig core...
kuzey3258/app.yaml: Using EditorConfig core...
kuzey3258/app.yaml: Using EditorConfig core...
kuzey3258/app.yaml: Using EditorConfig core...
kuzey3258/app.yaml: {}
kuzey3258/app.yaml: {}
kuzey3258/package.json: {}
kuzey3258/package.json: Using EditorConfig core...
kuzey3258/package.json: Using EditorConfig core...
kuzey3258/package.json: Using EditorConfig core...
kuzey3258/package.json: Using EditorConfig core...
kuzey3258/package.json: Using EditorConfig core...
kuzey3258/package.json: Using EditorConfig core...
kuzey3258/package.json: {}
kuzey3258/app.js: {}
kuzey3258/app.js: {}
kuzey3258/app.yaml: {}
kuzey3258/package.json: {}
kuzey3258/client_secret_561015220676-15m6rqlnhhk07f8l9gj232j6gk89pgth.apps.googleusercontent.com.json: {}
kuzey3258/package-lock.json: {}
kuzey3258/package-lock.json: Using EditorConfig core...
kuzey3258/package-lock.json: Using EditorConfig core...
kuzey3258/package-lock.json: Using EditorConfig core...
kuzey3258/package-lock.json: Using EditorConfig core...
kuzey3258/package-lock.json: Using EditorConfig core...
kuzey3258/package-lock.json: {}
kuzey3258/package-lock.json: {}
kuzey3258/package.json: {}
kuzey3258/package.json: {}
kuzey3258/readme: {}
kuzey3258/readme: Using EditorConfig core...
kuzey3258/app.js: {}
kuzey3258/app.js: {}
kuzey3258/app.js: {}
kuzey3258/app.js: {}
kuzey3258/node_modules/mongodb/lib/admin.js: {}
