Initializing document watcher...
Document watcher initialized
kuzey3258/app.js: {}
kuzey3258/app.js: {}
kuzey3258/app.js: {}
kuzey3258/app.js: {}
kuzey3258/app.js: {}
kuzey3258/app.js: Using EditorConfig core...
kuzey3258/app.js: {}
kuzey3258/app.js: {}
kuzey3258/app.js: {}
kuzey3258/app.js: {}
kuzey3258/app.js: Using EditorConfig core...
kuzey3258/app.js: {}
kuzey3258/app.js: Using EditorConfig core...
No more open editors.
kuzey3258/app_server/controller/adminController.js: {}
kuzey3258/app_server/views/index.ejs: {}
kuzey3258/app_server/views/index.ejs: {}
No more open editors.
kuzey3258/package.json: {}
kuzey3258/app.js: {}
kuzey3258/app_server/views/admin/login.ejs: {}
kuzey3258/app_server/views/admin/login.ejs: Using EditorConfig core...
kuzey3258/app_server/controller/adminController.js: {}
kuzey3258/app_server/controller/adminController.js: Using EditorConfig core...
kuzey3258/app_server/controller/adminController.js: {}
kuzey3258/app_server/controller/adminController.js: {}
kuzey3258/app_server/controller/adminController.js: {}
kuzey3258/app_server/controller/adminController.js: {}
kuzey3258/app.js: {}
kuzey3258/app.js: {}
kuzey3258/app.js: Using EditorConfig core...
kuzey3258/app.js: Using EditorConfig core...
kuzey3258/app.js: {}
kuzey3258/app.js: Using EditorConfig core...
kuzey3258/app.js: Using EditorConfig core...
kuzey3258/app.js: {}
kuzey3258/app_server/controller/adminController.js: {}
kuzey3258/app_server/controller/adminController.js: {}
kuzey3258/app_server/router/adminRouter.js: {}
kuzey3258/app_server/router/adminRouter.js: Using EditorConfig core...
kuzey3258/app_server/router/adminRouter.js: Using EditorConfig core...
kuzey3258/app_server/router/adminRouter.js: Using EditorConfig core...
kuzey3258/app_server/router/adminRouter.js: Using EditorConfig core...
kuzey3258/app_server/router/adminRouter.js: {}
kuzey3258/app_server/router/adminRouter.js: {}
kuzey3258/app_server/router/adminRouter.js: Using EditorConfig core...
kuzey3258/app_server/router/adminRouter.js: Using EditorConfig core...
kuzey3258/app_server/router/adminRouter.js: Using EditorConfig core...
kuzey3258/app_server/controller/adminController.js: {}
kuzey3258/app_server/views/admin/login.ejs: {}
kuzey3258/app_server/views/admin/login.ejs: Using EditorConfig core...
kuzey3258/app_server/views/admin/login.ejs: Using EditorConfig core...
kuzey3258/app_server/views/admin/login.ejs: Using EditorConfig core...
kuzey3258/app_server/views/admin/login.ejs: Using EditorConfig core...
kuzey3258/app_server/views/admin/login.ejs: Using EditorConfig core...
kuzey3258/app_server/views/admin/login.ejs: Using EditorConfig core...
kuzey3258/app_server/views/admin/login.ejs: Using EditorConfig core...
kuzey3258/app_server/views/admin/login.ejs: Using EditorConfig core...
kuzey3258/app_server/views/admin/login.ejs: Using EditorConfig core...
kuzey3258/app_server/views/admin/login.ejs: Using EditorConfig core...
kuzey3258/app_server/views/admin/login.ejs: Using EditorConfig core...
kuzey3258/app_server/controller/adminController.js: {}
kuzey3258/app_server/controller/adminController.js: Using EditorConfig core...
kuzey3258/app_server/controller/adminController.js: Using EditorConfig core...
kuzey3258/app_server/controller/adminController.js: Using EditorConfig core...
kuzey3258/app_server/controller/adminController.js: Using EditorConfig core...
kuzey3258/app_server/controller/adminController.js: Using EditorConfig core...
kuzey3258/app_server/controller/adminController.js: Using EditorConfig core...
kuzey3258/app_server/models/dbModel.js: {}
kuzey3258/app_server/models/dbModel.js: Using EditorConfig core...
kuzey3258/app_server/models/dbModel.js: {}
kuzey3258/app_server/models/dbModel.js: {}
kuzey3258/app_server/controller/adminController.js: {}
kuzey3258/app_server/controller/adminController.js: {}
kuzey3258/app_server/controller/adminController.js: {}
kuzey3258/app_server/controller/adminController.js: {}
kuzey3258/app_server/controller/adminController.js: {}
kuzey3258/app_server/controller/adminController.js: {}
kuzey3258/app_server/controller/adminController.js: Using EditorConfig core...
kuzey3258/app_server/controller/adminController.js: Using EditorConfig core...
kuzey3258/app_server/controller/adminController.js: Using EditorConfig core...
kuzey3258/app_server/controller/adminController.js: {}
kuzey3258/app_server/controller/adminController.js: {}
kuzey3258/app_server/controller/adminController.js: Using EditorConfig core...
kuzey3258/app_server/controller/adminController.js: Using EditorConfig core...
kuzey3258/app_server/controller/adminController.js: Using EditorConfig core...
kuzey3258/app_server/controller/adminController.js: {}
kuzey3258/app_server/controller/adminController.js: {}
kuzey3258/app_server/controller/adminController.js: {}
kuzey3258/app_server/controller/adminController.js: {}
kuzey3258/app_server/views/admin/tables.ejs: {}
kuzey3258/app_server/views/admin/tables.ejs: {}
kuzey3258/app_server/controller/adminController.js: Using EditorConfig core...
kuzey3258/app_server/controller/mainController.js: Using EditorConfig core...
kuzey3258/app_server/middleware/authenticate.js: Using EditorConfig core...
kuzey3258/app_server/views/admin/tables.ejs: {}
/home/kuzey3258/app_server/controller/adminController.js: {}
/home/kuzey3258/app_server/controller/adminController.js: {}
/home/kuzey3258/app_server/controller/adminController.js: {}
/home/kuzey3258/app_server/controller/adminController.js: {}
/home/kuzey3258/app_server/controller/adminController.js: {}
/home/kuzey3258/app_server/controller/adminController.js: {}
kuzey3258/app_server/controller/adminController.js: {}
kuzey3258/app_server/controller/adminController.js: Using EditorConfig core...
kuzey3258/app_server/controller/adminController.js: {}
kuzey3258/app_server/controller/adminController.js: Using EditorConfig core...
No more open editors.
/home/kuzey3258/app_server/controller/mainController.js: {}
kuzey3258/app_server/controller/mainController.js: {}
kuzey3258/app_server/controller/mainController.js: Using EditorConfig core...
kuzey3258/app_server/controller/mainController.js: Using EditorConfig core...
/home/kuzey3258/app_server/controller/mainController.js: {}
kuzey3258/app_server/controller/mainController.js: {}
kuzey3258/app_server/controller/adminController.js: {}
kuzey3258/app_server/controller/adminController.js: {}
kuzey3258/app_server/controller/adminController.js: Using EditorConfig core...
/home/kuzey3258/app_server/controller/mainController.js: {}
kuzey3258/app_server/controller/adminController.js: {}
/home/kuzey3258/app_server/middleware/authenticate.js: {}
kuzey3258/app_server/middleware/authenticate.js: {}
kuzey3258/app_server/middleware/authenticate.js: Using EditorConfig core...
kuzey3258/app_server/middleware/authenticate.js: Using EditorConfig core...
kuzey3258/app_server/middleware/authenticate.js: Using EditorConfig core...
kuzey3258/app_server/middleware/authenticate.js: Using EditorConfig core...
kuzey3258/app_server/middleware/authenticate.js: Using EditorConfig core...
kuzey3258/app_server/middleware/authenticate.js: Using EditorConfig core...
kuzey3258/app_server/middleware/authenticate.js: Using EditorConfig core...
kuzey3258/app_server/middleware/authenticate.js: Using EditorConfig core...
kuzey3258/app_server/controller/adminController.js: {}
kuzey3258/app_server/controller/adminController.js: {}
kuzey3258/app_server/controller/adminController.js: {}
kuzey3258/app_server/controller/adminController.js: {}
kuzey3258/app_server/controller/adminController.js: {}
kuzey3258/app_server/controller/adminController.js: {}
kuzey3258/app_server/controller/adminController.js: {}
kuzey3258/app_server/controller/adminController.js: Using EditorConfig core...
kuzey3258/app_server/controller/adminController.js: {}
/home/kuzey3258/app_server/controller/mainController.js: {}
kuzey3258/app_server/controller/mainController.js: {}
kuzey3258/app_server/controller/adminController.js: {}
kuzey3258/app_server/controller/mainController.js: Using EditorConfig core...
/home/kuzey3258/app_server/middleware/authenticate.js: {}
kuzey3258/app_server/middleware/authenticate.js: {}
kuzey3258/app_server/middleware/authenticate.js: Using EditorConfig core...
kuzey3258/app_server/middleware/authenticate.js: Using EditorConfig core...
kuzey3258/app_server/middleware/authenticate.js: Using EditorConfig core...
kuzey3258/app_server/middleware/authenticate.js: Using EditorConfig core...
kuzey3258/app_server/controller/adminController.js: {}
kuzey3258/app_server/middleware/authenticate.js: Using EditorConfig core...
kuzey3258/app_server/controller/adminController.js: Using EditorConfig core...
kuzey3258/app_server/controller/adminController.js: {}
kuzey3258/app_server/controller/adminController.js: {}
kuzey3258/app_server/controller/adminController.js: Using EditorConfig core...
kuzey3258/app_server/controller/adminController.js: Using EditorConfig core...
kuzey3258/app_server/controller/adminController.js: Using EditorConfig core...
kuzey3258/app_server/controller/adminController.js: {}
kuzey3258/app_server/models/dbModel.js: {}
kuzey3258/app_server/models/dbModel.js: {}
kuzey3258/app_server/models/dbModel.js: {}
kuzey3258/app_server/models/dbModel.js: Using EditorConfig core...
kuzey3258/app_server/models/dbModel.js: Using EditorConfig core...
kuzey3258/app_server/models/dbModel.js: Using EditorConfig core...
kuzey3258/app_server/models/dbModel.js: Using EditorConfig core...
kuzey3258/app_server/models/dbModel.js: Using EditorConfig core...
kuzey3258/app_server/models/dbModel.js: Using EditorConfig core...
kuzey3258/app_server/models/dbModel.js: Using EditorConfig core...
kuzey3258/app_server/models/dbModel.js: Using EditorConfig core...
kuzey3258/app_server/models/dbModel.js: Using EditorConfig core...
kuzey3258/app_server/controller/adminController.js: {}
kuzey3258/app_server/controller/adminController.js: Using EditorConfig core...
kuzey3258/app_server/controller/adminController.js: Using EditorConfig core...
kuzey3258/app_server/controller/adminController.js: {}
kuzey3258/app_server/controller/adminController.js: {}
kuzey3258/.env.yaml: {}
kuzey3258/.env.yaml: Using EditorConfig core...
kuzey3258/.env.yaml: {}
kuzey3258/.env.yaml: {}
kuzey3258/.env.yaml: Using EditorConfig core...
kuzey3258/.env.yaml: Using EditorConfig core...
kuzey3258/.env.yaml: Using EditorConfig core...
kuzey3258/.env.yaml: {}
kuzey3258/.env.yaml: {}
kuzey3258/app.js: {}
kuzey3258/app.js: {}
kuzey3258/app.js: {}
kuzey3258/app.yaml: {}
kuzey3258/app.yaml: Using EditorConfig core...
kuzey3258/app.yaml: Using EditorConfig core...
kuzey3258/app.yaml: Using EditorConfig core...
kuzey3258/app.yaml: Using EditorConfig core...
kuzey3258/app.yaml: {}
kuzey3258/app.yaml: {}
kuzey3258/app.yaml: {}
kuzey3258/app.yaml: {}
kuzey3258/app.yaml: {}
kuzey3258/app.yaml: {}
kuzey3258/app.js: {}
kuzey3258/app.js: Using EditorConfig core...
kuzey3258/app.js: {}
kuzey3258/app.js: {}
kuzey3258/app.js: {}
kuzey3258/app.js: {}
kuzey3258/app.js: {}
kuzey3258/app.js: {}
kuzey3258/app.js: {}
kuzey3258/app.js: Using EditorConfig core...
kuzey3258/app.js: Using EditorConfig core...
kuzey3258/app.js: {}
kuzey3258/app.js: {}
kuzey3258/app_server/views/index.ejs: {}
kuzey3258/package.json: {}
kuzey3258/app_server/controller/adminController.js: {}
kuzey3258/app_server/controller/adminController.js: {}
kuzey3258/app_server/controller/adminController.js: {}
kuzey3258/app_server/controller/adminController.js: {}
kuzey3258/package.json: {}
kuzey3258/.env.yaml: {}
kuzey3258/package.json: {}
kuzey3258/app.js: {}
kuzey3258/app.js: {}
kuzey3258/app.js: {}
kuzey3258/public/js/main.js: {}
kuzey3258/public/js/main.js: {}
kuzey3258/public/js/main.js: Using EditorConfig core...
kuzey3258/public/js/main.js: Using EditorConfig core...
kuzey3258/public/js/main.js: {}
kuzey3258/public/js/main.js: {}
kuzey3258/public/js/main.js: Using EditorConfig core...
kuzey3258/public/js/main.js: Using EditorConfig core...
kuzey3258/public/js/main.js: {}
kuzey3258/public/js/main.js: {}
kuzey3258/app.js: {}
kuzey3258/app.js: {}
kuzey3258/app.js: Using EditorConfig core...
kuzey3258/app.js: Using EditorConfig core...
kuzey3258/app.js: Using EditorConfig core...
kuzey3258/app.js: {}
kuzey3258/app.js: {}
kuzey3258/app.js: {}
No more open editors.
kuzey3258/README-cloudshell.txt: {}
kuzey3258/app_server/controller/adminController.js: {}
kuzey3258/app_server/controller/adminController.js: Using EditorConfig core...
kuzey3258/app_server/controller/adminController.js: Using EditorConfig core...
kuzey3258/app_server/controller/adminController.js: Using EditorConfig core...
kuzey3258/app.js: {}
kuzey3258/public/js/main.js: {}
kuzey3258/app.js: {}
kuzey3258/app_server/views/index.ejs: {}
kuzey3258/app.js: {}
kuzey3258/app_server/views/admin/layout.ejs: {}
kuzey3258/app_server/views/admin/login.ejs: {}
kuzey3258/app_server/views/admin/login.ejs: Using EditorConfig core...
kuzey3258/app_server/views/admin/login.ejs: Using EditorConfig core...
kuzey3258/app_server/views/admin/login.ejs: Using EditorConfig core...
kuzey3258/app_server/controller/adminController.js: {}
