2024-05-10 12:55:36.021 [info] Extension host with pid 1322 started
2024-05-10 12:55:36.058 [info] Lock '/home/kuzey3258/.codeoss/data/User/workspaceStorage/-7f5850ca/vscode.lock': Lock acquired.
2024-05-10 12:55:38.794 [info] ExtensionService#_doActivateExtension vscode.typescript-language-features, startup: false, activationEvent: 'onLanguage:javascript'
2024-05-10 12:55:38.795 [info] ExtensionService#_doActivateExtension vscode.emmet, startup: false, activationEvent: 'onLanguage'
2024-05-10 12:55:39.797 [info] ExtensionService#_doActivateExtension vscode.git-base, startup: true, activationEvent: '*', root cause: vscode.git
2024-05-10 12:55:39.802 [info] ExtensionService#_doActivateExtension vscode.npm, startup: true, activationEvent: 'workspaceContains:package.json'
2024-05-10 12:55:41.189 [info] ExtensionService#_doActivateExtension redhat.fabric8-analytics, startup: true, activationEvent: 'workspaceContains:**/package.json,**/pom.xml,**/requirements.txt,**/go.mod'
2024-05-10 12:55:41.190 [error] No bundle location found for extension vscode.typescript-language-features
2024-05-10 12:55:41.190 [error] No bundle location found for extension vscode.emmet
2024-05-10 12:55:41.280 [warning] Using default string since no string found in i18n bundle that has the key: Learn more about managing TypeScript versions
2024-05-10 12:55:41.357 [warning] Using default string since no string found in i18n bundle that has the key: TypeScript Version
2024-05-10 12:55:41.358 [warning] Using default string since no string found in i18n bundle that has the key: TypeScript Version
2024-05-10 12:55:41.359 [warning] Using default string since no string found in i18n bundle that has the key: TypeScript: Configure Excludes
2024-05-10 12:55:41.382 [warning] Using default string since no string found in i18n bundle that has the key: Select Version
2024-05-10 12:55:41.395 [warning] Using default string since no string found in i18n bundle that has the key: JS/TS IntelliSense Status
2024-05-10 12:55:41.395 [warning] Using default string since no string found in i18n bundle that has the key: Loading IntelliSense status
2024-05-10 12:55:41.403 [warning] Using default string since no string found in i18n bundle that has the key: Could not determine references
2024-05-10 12:55:41.433 [warning] Using default string since no string found in i18n bundle that has the key: Enables semantic checking in a JavaScript file. Must be at the top of a file.
2024-05-10 12:55:41.433 [warning] Using default string since no string found in i18n bundle that has the key: Disables semantic checking in a JavaScript file. Must be at the top of a file.
2024-05-10 12:55:41.433 [warning] Using default string since no string found in i18n bundle that has the key: Suppresses @ts-check errors on the next line of a file.
2024-05-10 12:55:41.434 [warning] Using default string since no string found in i18n bundle that has the key: Suppresses @ts-check errors on the next line of a file, expecting at least one to exist.
2024-05-10 12:55:41.446 [warning] Using default string since no string found in i18n bundle that has the key: Organize Imports
2024-05-10 12:55:41.446 [warning] Using default string since no string found in i18n bundle that has the key: Sort Imports
2024-05-10 12:55:41.446 [warning] Using default string since no string found in i18n bundle that has the key: Remove Unused Imports
2024-05-10 12:55:41.450 [warning] Using default string since no string found in i18n bundle that has the key: Learn more about JS/TS refactorings
2024-05-10 12:55:41.495 [error] No bundle location found for extension vscode.npm
2024-05-10 12:55:41.495 [error] No bundle location found for extension vscode.git-base
2024-05-10 12:55:41.563 [info] ExtensionService#_doActivateExtension vscode.git, startup: true, activationEvent: '*'
2024-05-10 12:55:41.563 [info] ExtensionService#_doActivateExtension vscode.github, startup: true, activationEvent: '*'
2024-05-10 12:55:41.575 [error] No bundle location found for extension redhat.fabric8-analytics
2024-05-10 12:55:42.091 [error] No bundle location found for extension vscode.github
2024-05-10 12:55:42.091 [error] No bundle location found for extension vscode.git
2024-05-10 12:55:42.339 [warning] Using default string since no string found in i18n bundle that has the key: Log level: {0}
2024-05-10 12:55:42.342 [warning] Using default string since no string found in i18n bundle that has the key: Log level: {0}
2024-05-10 12:55:42.346 [warning] Using default string since no string found in i18n bundle that has the key: Validating found git in: "{0}"
2024-05-10 12:55:42.417 [warning] Using default string since no string found in i18n bundle that has the key: Enables the following features: {0}
2024-05-10 12:55:42.425 [warning] Using default string since no string found in i18n bundle that has the key: Using git "{0}" from "{1}"
2024-05-10 12:55:42.506 [warning] Using default string since no string found in i18n bundle that has the key: Git History
2024-05-10 12:55:42.511 [warning] Using default string since no string found in i18n bundle that has the key: Copy vscode.dev Link
2024-05-10 12:55:42.715 [info] Eager extensions activated
2024-05-10 12:55:42.716 [info] ExtensionService#_doActivateExtension EditorConfig.EditorConfig, startup: false, activationEvent: 'onStartupFinished'
2024-05-10 12:55:42.716 [info] ExtensionService#_doActivateExtension google.cloud-shell, startup: false, activationEvent: 'onStartupFinished'
2024-05-10 12:55:42.717 [info] ExtensionService#_doActivateExtension googlecloudtools.cloudcode, startup: false, activationEvent: 'onStartupFinished'
2024-05-10 12:55:42.718 [info] ExtensionService#_doActivateExtension vscode.debug-auto-launch, startup: false, activationEvent: 'onStartupFinished'
2024-05-10 12:55:42.718 [info] ExtensionService#_doActivateExtension vscode.merge-conflict, startup: false, activationEvent: 'onStartupFinished'
2024-05-10 12:55:43.110 [error] No bundle location found for extension vscode.merge-conflict
2024-05-10 12:55:43.207 [warning] Using default string since no string found in i18n bundle that has the key: (Current Change)
2024-05-10 12:55:43.208 [warning] Using default string since no string found in i18n bundle that has the key: (Incoming Change)
2024-05-10 12:55:43.210 [error] No bundle location found for extension vscode.debug-auto-launch
2024-05-10 12:55:43.222 [warning] Using default string since no string found in i18n bundle that has the key: Auto Attach: Disabled
2024-05-10 12:55:43.223 [warning] Using default string since no string found in i18n bundle that has the key: Auto Attach: Always
2024-05-10 12:55:43.223 [warning] Using default string since no string found in i18n bundle that has the key: Auto Attach: Smart
2024-05-10 12:55:43.223 [warning] Using default string since no string found in i18n bundle that has the key: Auto Attach: With Flag
2024-05-10 12:55:43.223 [warning] Using default string since no string found in i18n bundle that has the key: Disabled
2024-05-10 12:55:43.223 [warning] Using default string since no string found in i18n bundle that has the key: Always
2024-05-10 12:55:43.223 [warning] Using default string since no string found in i18n bundle that has the key: Smart
2024-05-10 12:55:43.223 [warning] Using default string since no string found in i18n bundle that has the key: Only With Flag
2024-05-10 12:55:43.223 [warning] Using default string since no string found in i18n bundle that has the key: Auto attach is disabled and not shown in status bar
2024-05-10 12:55:43.223 [warning] Using default string since no string found in i18n bundle that has the key: Auto attach to every Node.js process launched in the terminal
2024-05-10 12:55:43.223 [warning] Using default string since no string found in i18n bundle that has the key: Auto attach when running scripts that aren't in a node_modules folder
2024-05-10 12:55:43.223 [warning] Using default string since no string found in i18n bundle that has the key: Only auto attach when the `--inspect` flag is given
2024-05-10 12:55:43.223 [warning] Using default string since no string found in i18n bundle that has the key: Toggle auto attach in this workspace
2024-05-10 12:55:43.223 [warning] Using default string since no string found in i18n bundle that has the key: Toggle auto attach on this machine
2024-05-10 12:55:43.223 [warning] Using default string since no string found in i18n bundle that has the key: Temporarily disable auto attach in this session
2024-05-10 12:55:43.223 [warning] Using default string since no string found in i18n bundle that has the key: Re-enable auto attach
2024-05-10 12:55:43.223 [warning] Using default string since no string found in i18n bundle that has the key: Auto Attach: Disabled
2024-05-10 12:55:43.263 [error] No bundle location found for extension googlecloudtools.cloudcode
2024-05-10 12:55:46.066 [error] No bundle location found for extension google.cloud-shell
2024-05-10 12:55:46.067 [error] No bundle location found for extension EditorConfig.EditorConfig
2024-05-10 12:55:46.314 [info] ExtensionService#_doActivateExtension vscode.json-language-features, startup: false, activationEvent: 'onLanguage:jsonc'
2024-05-10 12:55:47.600 [error] No bundle location found for extension vscode.json-language-features
2024-05-10 12:55:47.700 [warning] Using default string since no string found in i18n bundle that has the key: Configure
2024-05-10 12:55:47.701 [warning] Using default string since no string found in i18n bundle that has the key: JSON Language Server
2024-05-10 12:55:47.724 [warning] Using default string since no string found in i18n bundle that has the key: JSON: Schema Resolution Error
2024-05-10 12:55:47.998 [warning] Using default string since no string found in i18n bundle that has the key: Unable to resolve schema. Click to retry.
2024-05-10 12:55:47.999 [warning] Using default string since no string found in i18n bundle that has the key: JSON Validation Status
2024-05-10 12:55:48.000 [warning] Using default string since no string found in i18n bundle that has the key: Loading JSON info
2024-05-10 12:55:48.012 [warning] Using default string since no string found in i18n bundle that has the key: No Schema Validation
2024-05-10 12:55:48.012 [warning] Using default string since no string found in i18n bundle that has the key: no JSON schema configured
2024-05-10 12:55:48.012 [warning] Using default string since no string found in i18n bundle that has the key: Show Schemas
2024-05-10 12:55:57.936 [warning] Using default string since no string found in i18n bundle that has the key: No jsconfig
2024-05-10 12:55:57.937 [warning] Using default string since no string found in i18n bundle that has the key: Configure jsconfig
2024-05-10 12:56:00.993 [warning] Using default string since no string found in i18n bundle that has the key: Fetching data for better TypeScript IntelliSense
2024-05-10 13:11:50.372 [warning] Using default string since no string found in i18n bundle that has the key: Unable to compute used schemas: No document
2024-05-10 13:11:50.474 [warning] Using default string since no string found in i18n bundle that has the key: Loading JSON info
2024-05-10 13:11:50.496 [warning] Using default string since no string found in i18n bundle that has the key: No Schema Validation
2024-05-10 13:11:50.496 [warning] Using default string since no string found in i18n bundle that has the key: no JSON schema configured
2024-05-10 13:11:50.496 [warning] Using default string since no string found in i18n bundle that has the key: Show Schemas
2024-05-10 13:12:02.968 [warning] Using default string since no string found in i18n bundle that has the key: Unable to compute used schemas: No document
2024-05-10 13:12:03.079 [warning] Using default string since no string found in i18n bundle that has the key: Loading JSON info
2024-05-10 13:12:03.098 [warning] Using default string since no string found in i18n bundle that has the key: No Schema Validation
2024-05-10 13:12:03.099 [warning] Using default string since no string found in i18n bundle that has the key: no JSON schema configured
2024-05-10 13:12:03.099 [warning] Using default string since no string found in i18n bundle that has the key: Show Schemas
2024-05-10 13:12:16.715 [warning] Using default string since no string found in i18n bundle that has the key: Unable to compute used schemas: No document
2024-05-10 13:12:16.805 [warning] Using default string since no string found in i18n bundle that has the key: Loading JSON info
2024-05-10 13:12:16.806 [info] ExtensionService#_doActivateExtension vscode.extension-editing, startup: false, activationEvent: 'onLanguage:json'
2024-05-10 13:12:16.835 [warning] Using default string since no string found in i18n bundle that has the key: Schema Validated
2024-05-10 13:12:16.835 [warning] Using default string since no string found in i18n bundle that has the key: multiple JSON schemas configured
2024-05-10 13:12:16.837 [warning] Using default string since no string found in i18n bundle that has the key: Show Schemas
2024-05-10 13:12:17.368 [warning] Using default string since no string found in i18n bundle that has the key: Debug
2024-05-10 13:12:18.505 [error] No bundle location found for extension vscode.extension-editing
2024-05-10 13:12:18.540 [warning] Using default string since no string found in i18n bundle that has the key: This activation event cannot be explicitly listed by your extension.
2024-05-10 13:12:18.540 [warning] Using default string since no string found in i18n bundle that has the key: This activation event can be removed as Code OSS generates these automatically from your package.json contribution declarations.
2024-05-10 13:12:18.542 [warning] Using default string since no string found in i18n bundle that has the key: Images must use the HTTPS protocol.
2024-05-10 13:12:18.542 [warning] Using default string since no string found in i18n bundle that has the key: SVGs are not a valid image source.
2024-05-10 13:12:18.542 [warning] Using default string since no string found in i18n bundle that has the key: Embedded SVGs are not a valid image source.
2024-05-10 13:12:18.542 [warning] Using default string since no string found in i18n bundle that has the key: Data URLs are not a valid image source.
2024-05-10 13:12:18.542 [warning] Using default string since no string found in i18n bundle that has the key: Relative image URLs require a repository with HTTPS protocol to be specified in the package.json.
2024-05-10 13:12:18.542 [warning] Using default string since no string found in i18n bundle that has the key: Relative badge URLs require a repository with HTTPS protocol to be specified in this package.json.
2024-05-10 13:12:18.542 [warning] Using default string since no string found in i18n bundle that has the key: This proposal cannot be used because for this extension the product defines a fixed set of API proposals. You can test your extension but before publishing you MUST reach out to the Code OSS team.
2024-05-10 13:12:18.542 [warning] Using default string since no string found in i18n bundle that has the key: This activation event can be removed for extensions targeting engine version ^1.75 as Code OSS will generate these automatically from your package.json contribution declarations.
2024-05-10 13:12:18.542 [warning] Using default string since no string found in i18n bundle that has the key: Using '*' activation is usually a bad idea as it impacts performance.
2024-05-10 13:12:18.542 [warning] Using default string since no string found in i18n bundle that has the key: Error parsing the when-clause:
2024-05-10 13:12:19.093 [warning] Using default string since no string found in i18n bundle that has the key: Unable to compute used schemas: No document
2024-05-10 13:12:23.484 [warning] Using default string since no string found in i18n bundle that has the key: Loading JSON info
2024-05-10 13:12:23.487 [warning] Using default string since no string found in i18n bundle that has the key: Unable to compute used schemas: No document
2024-05-10 13:12:23.490 [warning] Using default string since no string found in i18n bundle that has the key: JS/TS IntelliSense Status
2024-05-10 13:12:23.490 [warning] Using default string since no string found in i18n bundle that has the key: Loading IntelliSense status
2024-05-10 13:12:23.492 [warning] Using default string since no string found in i18n bundle that has the key: Loading JSON info
2024-05-10 13:12:23.517 [warning] Using default string since no string found in i18n bundle that has the key: Unable to compute used schemas: No document
2024-05-10 13:12:23.634 [warning] Using default string since no string found in i18n bundle that has the key: Loading JSON info
2024-05-10 13:12:23.911 [warning] Using default string since no string found in i18n bundle that has the key: No Schema Validation
2024-05-10 13:12:23.911 [warning] Using default string since no string found in i18n bundle that has the key: no JSON schema configured
2024-05-10 13:12:23.912 [warning] Using default string since no string found in i18n bundle that has the key: Show Schemas
2024-05-10 13:12:23.914 [warning] Using default string since no string found in i18n bundle that has the key: No Schema Validation
2024-05-10 13:12:23.914 [warning] Using default string since no string found in i18n bundle that has the key: no JSON schema configured
2024-05-10 13:12:23.914 [warning] Using default string since no string found in i18n bundle that has the key: Show Schemas
2024-05-10 13:12:23.981 [warning] Using default string since no string found in i18n bundle that has the key: No Schema Validation
2024-05-10 13:12:23.981 [warning] Using default string since no string found in i18n bundle that has the key: no JSON schema configured
2024-05-10 13:12:23.981 [warning] Using default string since no string found in i18n bundle that has the key: Show Schemas
2024-05-10 13:14:40.780 [warning] Using default string since no string found in i18n bundle that has the key: Unable to compute used schemas: No document
2024-05-10 13:14:40.783 [warning] Using default string since no string found in i18n bundle that has the key: JS/TS IntelliSense Status
2024-05-10 13:14:40.783 [warning] Using default string since no string found in i18n bundle that has the key: Loading IntelliSense status
2024-05-10 13:14:40.784 [warning] Using default string since no string found in i18n bundle that has the key: Loading JSON info
2024-05-10 13:14:40.810 [warning] Using default string since no string found in i18n bundle that has the key: No jsconfig
2024-05-10 13:14:40.811 [warning] Using default string since no string found in i18n bundle that has the key: Configure jsconfig
2024-05-10 13:14:40.818 [warning] Using default string since no string found in i18n bundle that has the key: No Schema Validation
2024-05-10 13:14:40.818 [warning] Using default string since no string found in i18n bundle that has the key: no JSON schema configured
2024-05-10 13:14:40.818 [warning] Using default string since no string found in i18n bundle that has the key: Show Schemas
