Initializing document watcher...
Document watcher initialized
kuzey3258/README-cloudshell.txt: {}
kuzey3258/README-cloudshell.txt: {}
kuzey3258/README-cloudshell.txt: {}
kuzey3258/node_modules/mongodb/lib/admin.js: {}
kuzey3258/node_modules/mongodb/lib/admin.js: {}
kuzey3258/node_modules/mongodb/lib/admin.js: {}
kuzey3258/node_modules/mongodb/lib/admin.js: {}
kuzey3258/node_modules/mongodb/lib/admin.js: {}
kuzey3258/node_modules/mongodb/lib/admin.js: {}
kuzey3258/node_modules/mongodb/lib/admin.js: Using EditorConfig core...
kuzey3258/node_modules/mongodb/lib/admin.js: Using EditorConfig core...
kuzey3258/app.yaml: {}
kuzey3258/app.yaml: {}
kuzey3258/app.yaml: {}
kuzey3258/app.yaml: Using EditorConfig core...
kuzey3258/app.yaml: Using EditorConfig core...
kuzey3258/app.yaml: Using EditorConfig core...
kuzey3258/app.yaml: Using EditorConfig core...
kuzey3258/app.yaml: Using EditorConfig core...
kuzey3258/app.yaml: Using EditorConfig core...
kuzey3258/app.js: {}
kuzey3258/package.json: {}
kuzey3258/package.json: {}
kuzey3258/package.json: Using EditorConfig core...
kuzey3258/package.json: Using EditorConfig core...
kuzey3258/package.json: {}
kuzey3258/package.json: Using EditorConfig core...
kuzey3258/package.json: Using EditorConfig core...
kuzey3258/package.json: Using EditorConfig core...
kuzey3258/package.json: Using EditorConfig core...
kuzey3258/package.json: Using EditorConfig core...
kuzey3258/package.json: Using EditorConfig core...
