2024-05-19 09:58:31.896 [info] Extension host with pid 1140 started
2024-05-19 09:58:31.931 [error] Error: EEXIST: file already exists, open '/home/kuzey3258/.codeoss/data/User/workspaceStorage/56c4f9dc/vscode.lock'
2024-05-19 09:58:31.968 [info] Lock '/home/kuzey3258/.codeoss/data/User/workspaceStorage/56c4f9dc/vscode.lock': Could not acquire lock, checking if the file is stale.
2024-05-19 09:58:31.969 [info] Lock '/home/kuzey3258/.codeoss/data/User/workspaceStorage/56c4f9dc/vscode.lock': The pid 4062 appears to be gone.
2024-05-19 09:58:31.969 [info] Lock '/home/kuzey3258/.codeoss/data/User/workspaceStorage/56c4f9dc/vscode.lock': Deleting a stale lock.
2024-05-19 09:58:32.026 [info] Lock '/home/kuzey3258/.codeoss/data/User/workspaceStorage/56c4f9dc/vscode.lock': Lock acquired.
2024-05-19 09:58:32.380 [info] ExtensionService#_doActivateExtension vscode.emmet, startup: false, activationEvent: 'onLanguage'
2024-05-19 09:58:32.381 [info] ExtensionService#_doActivateExtension vscode.extension-editing, startup: false, activationEvent: 'onLanguage:json'
2024-05-19 09:58:32.381 [info] ExtensionService#_doActivateExtension vscode.json-language-features, startup: false, activationEvent: 'onLanguage:json'
2024-05-19 09:58:32.382 [info] ExtensionService#_doActivateExtension vscode.npm, startup: false, activationEvent: 'onLanguage:json'
2024-05-19 09:58:33.383 [info] ExtensionService#_doActivateExtension vscode.git-base, startup: true, activationEvent: '*', root cause: vscode.git
2024-05-19 09:58:33.484 [error] No bundle location found for extension vscode.extension-editing
2024-05-19 09:58:33.484 [error] No bundle location found for extension vscode.npm
2024-05-19 09:58:33.505 [warning] Using default string since no string found in i18n bundle that has the key: This activation event cannot be explicitly listed by your extension.
2024-05-19 09:58:33.505 [warning] Using default string since no string found in i18n bundle that has the key: This activation event can be removed as Code OSS generates these automatically from your package.json contribution declarations.
2024-05-19 09:58:33.507 [warning] Using default string since no string found in i18n bundle that has the key: Images must use the HTTPS protocol.
2024-05-19 09:58:33.507 [warning] Using default string since no string found in i18n bundle that has the key: SVGs are not a valid image source.
2024-05-19 09:58:33.507 [warning] Using default string since no string found in i18n bundle that has the key: Embedded SVGs are not a valid image source.
2024-05-19 09:58:33.507 [warning] Using default string since no string found in i18n bundle that has the key: Data URLs are not a valid image source.
2024-05-19 09:58:33.507 [warning] Using default string since no string found in i18n bundle that has the key: Relative image URLs require a repository with HTTPS protocol to be specified in the package.json.
2024-05-19 09:58:33.507 [warning] Using default string since no string found in i18n bundle that has the key: Relative badge URLs require a repository with HTTPS protocol to be specified in this package.json.
2024-05-19 09:58:33.507 [warning] Using default string since no string found in i18n bundle that has the key: This proposal cannot be used because for this extension the product defines a fixed set of API proposals. You can test your extension but before publishing you MUST reach out to the Code OSS team.
2024-05-19 09:58:33.507 [warning] Using default string since no string found in i18n bundle that has the key: This activation event can be removed for extensions targeting engine version ^1.75 as Code OSS will generate these automatically from your package.json contribution declarations.
2024-05-19 09:58:33.507 [warning] Using default string since no string found in i18n bundle that has the key: Using '*' activation is usually a bad idea as it impacts performance.
2024-05-19 09:58:33.507 [warning] Using default string since no string found in i18n bundle that has the key: Error parsing the when-clause:
2024-05-19 09:58:34.156 [info] ExtensionService#_doActivateExtension redhat.fabric8-analytics, startup: true, activationEvent: 'workspaceContains:**/package.json,**/pom.xml,**/requirements.txt,**/go.mod'
2024-05-19 09:58:34.240 [error] No bundle location found for extension vscode.emmet
2024-05-19 09:58:34.290 [error] No bundle location found for extension vscode.git-base
2024-05-19 09:58:34.290 [error] No bundle location found for extension vscode.json-language-features
2024-05-19 09:58:34.377 [warning] Using default string since no string found in i18n bundle that has the key: Configure
2024-05-19 09:58:34.377 [warning] Using default string since no string found in i18n bundle that has the key: JSON Language Server
2024-05-19 09:58:34.383 [info] ExtensionService#_doActivateExtension vscode.git, startup: true, activationEvent: '*'
2024-05-19 09:58:34.384 [info] ExtensionService#_doActivateExtension vscode.github, startup: true, activationEvent: '*'
2024-05-19 09:58:34.440 [warning] Using default string since no string found in i18n bundle that has the key: JSON: Schema Resolution Error
2024-05-19 09:58:34.539 [error] No bundle location found for extension redhat.fabric8-analytics
2024-05-19 09:58:34.797 [error] No bundle location found for extension vscode.git
2024-05-19 09:58:34.797 [error] No bundle location found for extension vscode.github
2024-05-19 09:58:34.951 [warning] Using default string since no string found in i18n bundle that has the key: Log level: {0}
2024-05-19 09:58:34.954 [warning] Using default string since no string found in i18n bundle that has the key: Validating found git in: "{0}"
2024-05-19 09:58:34.971 [warning] Using default string since no string found in i18n bundle that has the key: Log level: {0}
2024-05-19 09:58:35.012 [warning] Using default string since no string found in i18n bundle that has the key: Unable to resolve schema. Click to retry.
2024-05-19 09:58:35.013 [warning] Using default string since no string found in i18n bundle that has the key: JSON Validation Status
2024-05-19 09:58:35.014 [warning] Using default string since no string found in i18n bundle that has the key: Loading JSON info
2024-05-19 09:58:35.048 [warning] Using default string since no string found in i18n bundle that has the key: Enables the following features: {0}
2024-05-19 09:58:35.048 [warning] Using default string since no string found in i18n bundle that has the key: Using git "{0}" from "{1}"
2024-05-19 09:58:35.060 [warning] Using default string since no string found in i18n bundle that has the key: Git History
2024-05-19 09:58:35.063 [warning] Using default string since no string found in i18n bundle that has the key: Copy vscode.dev Link
2024-05-19 09:58:35.064 [info] Eager extensions activated
2024-05-19 09:58:35.064 [info] ExtensionService#_doActivateExtension EditorConfig.EditorConfig, startup: false, activationEvent: 'onStartupFinished'
2024-05-19 09:58:35.065 [info] ExtensionService#_doActivateExtension google.cloud-shell, startup: false, activationEvent: 'onStartupFinished'
2024-05-19 09:58:35.065 [info] ExtensionService#_doActivateExtension googlecloudtools.cloudcode, startup: false, activationEvent: 'onStartupFinished'
2024-05-19 09:58:35.065 [info] ExtensionService#_doActivateExtension vscode.debug-auto-launch, startup: false, activationEvent: 'onStartupFinished'
2024-05-19 09:58:35.066 [info] ExtensionService#_doActivateExtension vscode.merge-conflict, startup: false, activationEvent: 'onStartupFinished'
2024-05-19 09:58:35.083 [warning] Using default string since no string found in i18n bundle that has the key: Schema Validated
2024-05-19 09:58:35.083 [warning] Using default string since no string found in i18n bundle that has the key: multiple JSON schemas configured
2024-05-19 09:58:35.083 [warning] Using default string since no string found in i18n bundle that has the key: Show Schemas
2024-05-19 09:58:35.916 [warning] Using default string since no string found in i18n bundle that has the key: Debug
2024-05-19 09:58:35.917 [info] ExtensionService#_doActivateExtension vscode.typescript-language-features, startup: false, activationEvent: 'onLanguage:jsonc'
2024-05-19 09:58:35.918 [error] No bundle location found for extension EditorConfig.EditorConfig
2024-05-19 09:58:35.918 [error] No bundle location found for extension googlecloudtools.cloudcode
2024-05-19 09:58:35.918 [error] No bundle location found for extension vscode.debug-auto-launch
2024-05-19 09:58:35.918 [error] No bundle location found for extension google.cloud-shell
2024-05-19 09:58:35.918 [error] No bundle location found for extension vscode.merge-conflict
2024-05-19 09:58:38.226 [warning] Using default string since no string found in i18n bundle that has the key: Auto Attach: Disabled
2024-05-19 09:58:38.226 [warning] Using default string since no string found in i18n bundle that has the key: Auto Attach: Always
2024-05-19 09:58:38.226 [warning] Using default string since no string found in i18n bundle that has the key: Auto Attach: Smart
2024-05-19 09:58:38.226 [warning] Using default string since no string found in i18n bundle that has the key: Auto Attach: With Flag
2024-05-19 09:58:38.226 [warning] Using default string since no string found in i18n bundle that has the key: Disabled
2024-05-19 09:58:38.226 [warning] Using default string since no string found in i18n bundle that has the key: Always
2024-05-19 09:58:38.227 [warning] Using default string since no string found in i18n bundle that has the key: Smart
2024-05-19 09:58:38.227 [warning] Using default string since no string found in i18n bundle that has the key: Only With Flag
2024-05-19 09:58:38.227 [warning] Using default string since no string found in i18n bundle that has the key: Auto attach is disabled and not shown in status bar
2024-05-19 09:58:38.227 [warning] Using default string since no string found in i18n bundle that has the key: Auto attach to every Node.js process launched in the terminal
2024-05-19 09:58:38.227 [warning] Using default string since no string found in i18n bundle that has the key: Auto attach when running scripts that aren't in a node_modules folder
2024-05-19 09:58:38.227 [warning] Using default string since no string found in i18n bundle that has the key: Only auto attach when the `--inspect` flag is given
2024-05-19 09:58:38.227 [warning] Using default string since no string found in i18n bundle that has the key: Toggle auto attach in this workspace
2024-05-19 09:58:38.227 [warning] Using default string since no string found in i18n bundle that has the key: Toggle auto attach on this machine
2024-05-19 09:58:38.227 [warning] Using default string since no string found in i18n bundle that has the key: Temporarily disable auto attach in this session
2024-05-19 09:58:38.227 [warning] Using default string since no string found in i18n bundle that has the key: Re-enable auto attach
2024-05-19 09:58:38.227 [warning] Using default string since no string found in i18n bundle that has the key: Auto Attach: Disabled
2024-05-19 09:58:38.304 [warning] Using default string since no string found in i18n bundle that has the key: (Current Change)
2024-05-19 09:58:38.304 [warning] Using default string since no string found in i18n bundle that has the key: (Incoming Change)
2024-05-19 09:58:40.070 [warning] Using default string since no string found in i18n bundle that has the key: Debug
2024-05-19 09:58:40.074 [error] No bundle location found for extension vscode.typescript-language-features
2024-05-19 09:58:40.161 [warning] Using default string since no string found in i18n bundle that has the key: Learn more about managing TypeScript versions
2024-05-19 09:58:51.431 [warning] Using default string since no string found in i18n bundle that has the key: Debug
2024-05-19 09:58:52.192 [warning] Using default string since no string found in i18n bundle that has the key: Unable to compute used schemas: No document
2024-05-19 09:58:52.328 [warning] Using default string since no string found in i18n bundle that has the key: Loading JSON info
2024-05-19 09:58:52.330 [info] ExtensionService#_doActivateExtension vscode.html-language-features, startup: false, activationEvent: 'onLanguage:html'
2024-05-19 09:58:52.361 [warning] Using default string since no string found in i18n bundle that has the key: No Schema Validation
2024-05-19 09:58:52.362 [warning] Using default string since no string found in i18n bundle that has the key: no JSON schema configured
2024-05-19 09:58:52.362 [warning] Using default string since no string found in i18n bundle that has the key: Show Schemas
2024-05-19 09:58:53.051 [error] No bundle location found for extension vscode.html-language-features
2024-05-19 09:58:53.132 [warning] Using default string since no string found in i18n bundle that has the key: HTML Language Server
2024-05-19 10:00:55.942 [warning] Using default string since no string found in i18n bundle that has the key: Unable to compute used schemas: No document
2024-05-19 10:00:57.069 [warning] Using default string since no string found in i18n bundle that has the key: Loading JSON info
2024-05-19 10:00:57.084 [warning] Using default string since no string found in i18n bundle that has the key: TypeScript Version
2024-05-19 10:00:57.084 [warning] Using default string since no string found in i18n bundle that has the key: TypeScript Version
2024-05-19 10:00:57.084 [warning] Using default string since no string found in i18n bundle that has the key: TypeScript: Configure Excludes
2024-05-19 10:00:57.133 [warning] Using default string since no string found in i18n bundle that has the key: Select Version
2024-05-19 10:00:57.142 [warning] Using default string since no string found in i18n bundle that has the key: JS/TS IntelliSense Status
2024-05-19 10:00:57.143 [warning] Using default string since no string found in i18n bundle that has the key: Loading IntelliSense status
2024-05-19 10:00:57.154 [warning] Using default string since no string found in i18n bundle that has the key: Could not determine references
2024-05-19 10:00:57.164 [warning] Using default string since no string found in i18n bundle that has the key: Enables semantic checking in a JavaScript file. Must be at the top of a file.
2024-05-19 10:00:57.164 [warning] Using default string since no string found in i18n bundle that has the key: Disables semantic checking in a JavaScript file. Must be at the top of a file.
2024-05-19 10:00:57.164 [warning] Using default string since no string found in i18n bundle that has the key: Suppresses @ts-check errors on the next line of a file.
2024-05-19 10:00:57.164 [warning] Using default string since no string found in i18n bundle that has the key: Suppresses @ts-check errors on the next line of a file, expecting at least one to exist.
2024-05-19 10:00:57.184 [warning] Using default string since no string found in i18n bundle that has the key: Organize Imports
2024-05-19 10:00:57.184 [warning] Using default string since no string found in i18n bundle that has the key: Sort Imports
2024-05-19 10:00:57.184 [warning] Using default string since no string found in i18n bundle that has the key: Remove Unused Imports
2024-05-19 10:00:57.188 [warning] Using default string since no string found in i18n bundle that has the key: Learn more about JS/TS refactorings
2024-05-19 10:00:57.258 [warning] Using default string since no string found in i18n bundle that has the key: No Schema Validation
2024-05-19 10:00:57.258 [warning] Using default string since no string found in i18n bundle that has the key: no JSON schema configured
2024-05-19 10:00:57.258 [warning] Using default string since no string found in i18n bundle that has the key: Show Schemas
2024-05-19 10:01:18.162 [warning] Using default string since no string found in i18n bundle that has the key: No jsconfig
2024-05-19 10:01:18.162 [warning] Using default string since no string found in i18n bundle that has the key: Configure jsconfig
2024-05-19 10:01:19.840 [warning] Using default string since no string found in i18n bundle that has the key: Unable to compute used schemas: No document
2024-05-19 10:01:20.678 [warning] Using default string since no string found in i18n bundle that has the key: Fetching data for better TypeScript IntelliSense
2024-05-19 10:01:22.240 [warning] Using default string since no string found in i18n bundle that has the key: Loading JSON info
2024-05-19 10:01:22.242 [warning] Using default string since no string found in i18n bundle that has the key: JS/TS IntelliSense Status
2024-05-19 10:01:22.242 [warning] Using default string since no string found in i18n bundle that has the key: Loading IntelliSense status
2024-05-19 10:01:22.274 [warning] Using default string since no string found in i18n bundle that has the key: No Schema Validation
2024-05-19 10:01:22.275 [warning] Using default string since no string found in i18n bundle that has the key: no JSON schema configured
2024-05-19 10:01:22.275 [warning] Using default string since no string found in i18n bundle that has the key: Show Schemas
2024-05-19 10:01:22.364 [warning] Using default string since no string found in i18n bundle that has the key: No jsconfig
2024-05-19 10:01:22.364 [warning] Using default string since no string found in i18n bundle that has the key: Configure jsconfig
2024-05-19 10:01:50.651 [warning] Using default string since no string found in i18n bundle that has the key: Unable to compute used schemas: No document
2024-05-19 10:01:50.652 [warning] Using default string since no string found in i18n bundle that has the key: Loading JSON info
2024-05-19 10:01:50.653 [warning] Using default string since no string found in i18n bundle that has the key: JS/TS IntelliSense Status
2024-05-19 10:01:50.653 [warning] Using default string since no string found in i18n bundle that has the key: Loading IntelliSense status
2024-05-19 10:01:50.676 [warning] Using default string since no string found in i18n bundle that has the key: No Schema Validation
2024-05-19 10:01:50.676 [warning] Using default string since no string found in i18n bundle that has the key: no JSON schema configured
2024-05-19 10:01:50.676 [warning] Using default string since no string found in i18n bundle that has the key: Show Schemas
2024-05-19 10:01:50.677 [warning] Using default string since no string found in i18n bundle that has the key: No jsconfig
2024-05-19 10:01:50.677 [warning] Using default string since no string found in i18n bundle that has the key: Configure jsconfig
2024-05-19 10:03:00.263 [warning] Using default string since no string found in i18n bundle that has the key: Unable to compute used schemas: No document
2024-05-19 10:03:00.425 [warning] Using default string since no string found in i18n bundle that has the key: Loading JSON info
2024-05-19 10:03:00.456 [warning] Using default string since no string found in i18n bundle that has the key: No Schema Validation
2024-05-19 10:03:00.456 [warning] Using default string since no string found in i18n bundle that has the key: no JSON schema configured
2024-05-19 10:03:00.457 [warning] Using default string since no string found in i18n bundle that has the key: Show Schemas
2024-05-19 10:05:59.436 [warning] Using default string since no string found in i18n bundle that has the key: Unable to compute used schemas: No document
2024-05-19 10:05:59.439 [warning] Using default string since no string found in i18n bundle that has the key: Loading JSON info
2024-05-19 10:05:59.466 [warning] Using default string since no string found in i18n bundle that has the key: Schema Validated
2024-05-19 10:05:59.466 [warning] Using default string since no string found in i18n bundle that has the key: multiple JSON schemas configured
2024-05-19 10:05:59.466 [warning] Using default string since no string found in i18n bundle that has the key: Show Schemas
2024-05-19 10:05:59.745 [warning] Using default string since no string found in i18n bundle that has the key: Debug
2024-05-19 10:06:00.962 [warning] Using default string since no string found in i18n bundle that has the key: {0} months ago
2024-05-19 10:06:00.962 [warning] Using default string since no string found in i18n bundle that has the key: Latest version: {0} published {1}
2024-05-19 10:06:01.296 [warning] Using default string since no string found in i18n bundle that has the key: Debug
2024-05-19 10:06:18.305 [warning] Using default string since no string found in i18n bundle that has the key: Debug
2024-05-19 10:06:26.571 [warning] Using default string since no string found in i18n bundle that has the key: {0} months ago
2024-05-19 10:06:26.571 [warning] Using default string since no string found in i18n bundle that has the key: Latest version: {0} published {1}
2024-05-19 10:06:57.169 [warning] Using default string since no string found in i18n bundle that has the key: Unable to compute used schemas: No document
2024-05-19 10:06:57.510 [warning] Using default string since no string found in i18n bundle that has the key: Loading JSON info
2024-05-19 10:06:57.511 [warning] Using default string since no string found in i18n bundle that has the key: JS/TS IntelliSense Status
2024-05-19 10:06:57.511 [warning] Using default string since no string found in i18n bundle that has the key: Loading IntelliSense status
2024-05-19 10:06:57.565 [warning] Using default string since no string found in i18n bundle that has the key: No Schema Validation
2024-05-19 10:06:57.565 [warning] Using default string since no string found in i18n bundle that has the key: no JSON schema configured
2024-05-19 10:06:57.565 [warning] Using default string since no string found in i18n bundle that has the key: Show Schemas
2024-05-19 10:06:57.920 [warning] Using default string since no string found in i18n bundle that has the key: No jsconfig
2024-05-19 10:06:57.921 [warning] Using default string since no string found in i18n bundle that has the key: Configure jsconfig
