2024-05-14 10:49:57.071 [info] Log level: Info
2024-05-14 10:49:57.071 [info] Validating found git in: "git"
2024-05-14 10:49:57.071 [info] Using git "2.34.1" from "git"
2024-05-14 10:49:57.071 [info] > git rev-parse --show-toplevel [4ms]
2024-05-14 10:49:57.071 [info] fatal: not a git repository (or any parent up to mount point /)
Stopping at filesystem boundary (GIT_DISCOVERY_ACROSS_FILESYSTEM not set).
2024-05-14 10:49:57.071 [info] > git rev-parse --show-toplevel [2ms]
2024-05-14 10:49:57.071 [info] fatal: not a git repository (or any parent up to mount point /)
Stopping at filesystem boundary (GIT_DISCOVERY_ACROSS_FILESYSTEM not set).
2024-05-14 10:49:57.071 [info] > git rev-parse --show-toplevel [1ms]
2024-05-14 10:49:57.071 [info] fatal: not a git repository (or any parent up to mount point /)
Stopping at filesystem boundary (GIT_DISCOVERY_ACROSS_FILESYSTEM not set).
2024-05-14 10:49:57.071 [info] > git rev-parse --show-toplevel [1ms]
2024-05-14 10:49:57.071 [info] fatal: not a git repository (or any parent up to mount point /)
Stopping at filesystem boundary (GIT_DISCOVERY_ACROSS_FILESYSTEM not set).
2024-05-14 10:49:57.071 [info] > git rev-parse --show-toplevel [2ms]
2024-05-14 10:49:57.071 [info] fatal: not a git repository (or any parent up to mount point /)
Stopping at filesystem boundary (GIT_DISCOVERY_ACROSS_FILESYSTEM not set).
2024-05-14 10:49:57.071 [info] > git rev-parse --show-toplevel [3ms]
2024-05-14 10:49:57.071 [info] fatal: not a git repository (or any parent up to mount point /)
Stopping at filesystem boundary (GIT_DISCOVERY_ACROSS_FILESYSTEM not set).
2024-05-14 10:49:57.071 [info] > git rev-parse --show-toplevel [1ms]
2024-05-14 10:49:57.071 [info] fatal: not a git repository (or any parent up to mount point /)
Stopping at filesystem boundary (GIT_DISCOVERY_ACROSS_FILESYSTEM not set).
2024-05-14 10:49:57.079 [info] > git rev-parse --show-toplevel [1ms]
2024-05-14 10:49:57.079 [info] fatal: not a git repository (or any parent up to mount point /)
Stopping at filesystem boundary (GIT_DISCOVERY_ACROSS_FILESYSTEM not set).
2024-05-14 10:49:57.086 [info] > git rev-parse --show-toplevel [1ms]
2024-05-14 10:49:57.086 [info] fatal: not a git repository (or any parent up to mount point /)
Stopping at filesystem boundary (GIT_DISCOVERY_ACROSS_FILESYSTEM not set).
2024-05-14 10:49:57.094 [info] > git rev-parse --show-toplevel [1ms]
2024-05-14 10:49:57.094 [info] fatal: not a git repository (or any parent up to mount point /)
Stopping at filesystem boundary (GIT_DISCOVERY_ACROSS_FILESYSTEM not set).
2024-05-14 10:50:00.995 [info] > git rev-parse --show-toplevel [3ms]
2024-05-14 10:50:00.995 [info] fatal: not a git repository (or any parent up to mount point /)
Stopping at filesystem boundary (GIT_DISCOVERY_ACROSS_FILESYSTEM not set).
2024-05-14 10:51:37.523 [info] > git rev-parse --show-toplevel [5ms]
2024-05-14 10:51:37.524 [info] fatal: not a git repository (or any parent up to mount point /)
Stopping at filesystem boundary (GIT_DISCOVERY_ACROSS_FILESYSTEM not set).
2024-05-14 10:54:20.402 [info] > git rev-parse --show-toplevel [3ms]
2024-05-14 10:54:20.402 [info] fatal: not a git repository (or any parent up to mount point /)
Stopping at filesystem boundary (GIT_DISCOVERY_ACROSS_FILESYSTEM not set).
