2024-05-17 22:09:33.243 [info] Log level: Info
2024-05-17 22:09:33.243 [info] Validating found git in: "git"
2024-05-17 22:09:33.243 [info] Using git "2.34.1" from "git"
2024-05-17 22:09:33.243 [info] > git rev-parse --show-toplevel [3ms]
2024-05-17 22:09:33.243 [info] fatal: not a git repository (or any parent up to mount point /)
Stopping at filesystem boundary (GIT_DISCOVERY_ACROSS_FILESYSTEM not set).
2024-05-17 22:09:33.243 [info] > git rev-parse --show-toplevel [3ms]
2024-05-17 22:09:33.243 [info] fatal: not a git repository (or any parent up to mount point /)
Stopping at filesystem boundary (GIT_DISCOVERY_ACROSS_FILESYSTEM not set).
2024-05-17 22:09:33.243 [info] > git rev-parse --show-toplevel [2ms]
2024-05-17 22:09:33.243 [info] fatal: not a git repository (or any parent up to mount point /)
Stopping at filesystem boundary (GIT_DISCOVERY_ACROSS_FILESYSTEM not set).
2024-05-17 22:09:33.243 [info] > git rev-parse --show-toplevel [2ms]
2024-05-17 22:09:33.243 [info] fatal: not a git repository (or any parent up to mount point /)
Stopping at filesystem boundary (GIT_DISCOVERY_ACROSS_FILESYSTEM not set).
2024-05-17 22:09:33.243 [info] > git rev-parse --show-toplevel [3ms]
2024-05-17 22:09:33.243 [info] fatal: not a git repository (or any parent up to mount point /)
Stopping at filesystem boundary (GIT_DISCOVERY_ACROSS_FILESYSTEM not set).
2024-05-17 22:09:33.250 [info] > git rev-parse --show-toplevel [1ms]
2024-05-17 22:09:33.250 [info] fatal: not a git repository (or any parent up to mount point /)
Stopping at filesystem boundary (GIT_DISCOVERY_ACROSS_FILESYSTEM not set).
2024-05-17 22:09:33.258 [info] > git rev-parse --show-toplevel [2ms]
2024-05-17 22:09:33.258 [info] fatal: not a git repository (or any parent up to mount point /)
Stopping at filesystem boundary (GIT_DISCOVERY_ACROSS_FILESYSTEM not set).
2024-05-17 22:09:33.266 [info] > git rev-parse --show-toplevel [2ms]
2024-05-17 22:09:33.266 [info] fatal: not a git repository (or any parent up to mount point /)
Stopping at filesystem boundary (GIT_DISCOVERY_ACROSS_FILESYSTEM not set).
2024-05-17 22:09:33.274 [info] > git rev-parse --show-toplevel [2ms]
2024-05-17 22:09:33.274 [info] fatal: not a git repository (or any parent up to mount point /)
Stopping at filesystem boundary (GIT_DISCOVERY_ACROSS_FILESYSTEM not set).
2024-05-17 22:09:33.282 [info] > git rev-parse --show-toplevel [2ms]
2024-05-17 22:09:33.282 [info] fatal: not a git repository (or any parent up to mount point /)
Stopping at filesystem boundary (GIT_DISCOVERY_ACROSS_FILESYSTEM not set).
2024-05-17 22:09:33.290 [info] > git rev-parse --show-toplevel [2ms]
2024-05-17 22:09:33.290 [info] fatal: not a git repository (or any parent up to mount point /)
Stopping at filesystem boundary (GIT_DISCOVERY_ACROSS_FILESYSTEM not set).
2024-05-17 22:09:35.324 [info] > git rev-parse --show-toplevel [11ms]
2024-05-17 22:09:35.325 [info] fatal: not a git repository (or any parent up to mount point /)
Stopping at filesystem boundary (GIT_DISCOVERY_ACROSS_FILESYSTEM not set).
