2024-05-16 23:31:45.980 [info] Log level: Info
2024-05-16 23:31:45.980 [info] Validating found git in: "git"
2024-05-16 23:31:45.980 [info] Using git "2.34.1" from "git"
2024-05-16 23:31:45.980 [info] > git rev-parse --show-toplevel [3ms]
2024-05-16 23:31:45.980 [info] fatal: not a git repository (or any parent up to mount point /)
Stopping at filesystem boundary (GIT_DISCOVERY_ACROSS_FILESYSTEM not set).
2024-05-16 23:31:45.980 [info] > git rev-parse --show-toplevel [3ms]
2024-05-16 23:31:45.980 [info] fatal: not a git repository (or any parent up to mount point /)
Stopping at filesystem boundary (GIT_DISCOVERY_ACROSS_FILESYSTEM not set).
2024-05-16 23:31:45.981 [info] > git rev-parse --show-toplevel [2ms]
2024-05-16 23:31:45.981 [info] fatal: not a git repository (or any parent up to mount point /)
Stopping at filesystem boundary (GIT_DISCOVERY_ACROSS_FILESYSTEM not set).
2024-05-16 23:31:45.992 [info] > git rev-parse --show-toplevel [2ms]
2024-05-16 23:31:45.992 [info] fatal: not a git repository (or any parent up to mount point /)
Stopping at filesystem boundary (GIT_DISCOVERY_ACROSS_FILESYSTEM not set).
2024-05-16 23:31:46.003 [info] > git rev-parse --show-toplevel [3ms]
2024-05-16 23:31:46.003 [info] fatal: not a git repository (or any parent up to mount point /)
Stopping at filesystem boundary (GIT_DISCOVERY_ACROSS_FILESYSTEM not set).
2024-05-16 23:31:46.014 [info] > git rev-parse --show-toplevel [2ms]
2024-05-16 23:31:46.015 [info] fatal: not a git repository (or any parent up to mount point /)
Stopping at filesystem boundary (GIT_DISCOVERY_ACROSS_FILESYSTEM not set).
2024-05-16 23:31:46.024 [info] > git rev-parse --show-toplevel [2ms]
2024-05-16 23:31:46.025 [info] fatal: not a git repository (or any parent up to mount point /)
Stopping at filesystem boundary (GIT_DISCOVERY_ACROSS_FILESYSTEM not set).
2024-05-16 23:31:46.034 [info] > git rev-parse --show-toplevel [2ms]
2024-05-16 23:31:46.034 [info] fatal: not a git repository (or any parent up to mount point /)
Stopping at filesystem boundary (GIT_DISCOVERY_ACROSS_FILESYSTEM not set).
2024-05-16 23:31:46.044 [info] > git rev-parse --show-toplevel [2ms]
2024-05-16 23:31:46.044 [info] fatal: not a git repository (or any parent up to mount point /)
Stopping at filesystem boundary (GIT_DISCOVERY_ACROSS_FILESYSTEM not set).
2024-05-16 23:31:46.053 [info] > git rev-parse --show-toplevel [1ms]
2024-05-16 23:31:46.053 [info] fatal: not a git repository (or any parent up to mount point /)
Stopping at filesystem boundary (GIT_DISCOVERY_ACROSS_FILESYSTEM not set).
2024-05-16 23:31:46.063 [info] > git rev-parse --show-toplevel [2ms]
2024-05-16 23:31:46.063 [info] fatal: not a git repository (or any parent up to mount point /)
Stopping at filesystem boundary (GIT_DISCOVERY_ACROSS_FILESYSTEM not set).
2024-05-16 23:49:46.413 [info] > git rev-parse --show-toplevel [7ms]
2024-05-16 23:49:46.413 [info] fatal: not a git repository (or any parent up to mount point /)
Stopping at filesystem boundary (GIT_DISCOVERY_ACROSS_FILESYSTEM not set).
2024-05-16 23:50:33.230 [info] > git rev-parse --show-toplevel [5ms]
2024-05-16 23:50:33.230 [info] fatal: not a git repository (or any parent up to mount point /)
Stopping at filesystem boundary (GIT_DISCOVERY_ACROSS_FILESYSTEM not set).
2024-05-17 00:01:38.944 [info] > git rev-parse --show-toplevel [4ms]
2024-05-17 00:01:38.944 [info] fatal: not a git repository (or any parent up to mount point /)
Stopping at filesystem boundary (GIT_DISCOVERY_ACROSS_FILESYSTEM not set).
2024-05-17 00:08:16.535 [info] > git rev-parse --show-toplevel [5ms]
2024-05-17 00:08:16.535 [info] fatal: not a git repository (or any parent up to mount point /)
Stopping at filesystem boundary (GIT_DISCOVERY_ACROSS_FILESYSTEM not set).
2024-05-17 00:17:37.027 [info] > git rev-parse --show-toplevel [6ms]
2024-05-17 00:17:37.027 [info] fatal: not a git repository (or any parent up to mount point /)
Stopping at filesystem boundary (GIT_DISCOVERY_ACROSS_FILESYSTEM not set).
2024-05-17 00:17:38.279 [info] > git rev-parse --show-toplevel [3ms]
2024-05-17 00:17:38.280 [info] fatal: not a git repository (or any parent up to mount point /)
Stopping at filesystem boundary (GIT_DISCOVERY_ACROSS_FILESYSTEM not set).
2024-05-17 00:17:41.436 [info] > git rev-parse --show-toplevel [2ms]
2024-05-17 00:17:41.436 [info] fatal: not a git repository (or any parent up to mount point /)
Stopping at filesystem boundary (GIT_DISCOVERY_ACROSS_FILESYSTEM not set).
2024-05-17 00:17:41.911 [info] > git rev-parse --show-toplevel [5ms]
2024-05-17 00:17:41.911 [info] fatal: not a git repository (or any parent up to mount point /)
Stopping at filesystem boundary (GIT_DISCOVERY_ACROSS_FILESYSTEM not set).
2024-05-17 00:17:43.129 [info] > git rev-parse --show-toplevel [2ms]
2024-05-17 00:17:43.129 [info] fatal: not a git repository (or any parent up to mount point /)
Stopping at filesystem boundary (GIT_DISCOVERY_ACROSS_FILESYSTEM not set).
2024-05-17 00:22:09.787 [info] > git rev-parse --show-toplevel [4ms]
2024-05-17 00:22:09.787 [info] fatal: not a git repository (or any parent up to mount point /)
Stopping at filesystem boundary (GIT_DISCOVERY_ACROSS_FILESYSTEM not set).
2024-05-17 00:22:38.727 [info] > git rev-parse --show-toplevel [2ms]
2024-05-17 00:22:38.727 [info] fatal: not a git repository (or any parent up to mount point /)
Stopping at filesystem boundary (GIT_DISCOVERY_ACROSS_FILESYSTEM not set).
2024-05-17 00:22:43.315 [info] > git rev-parse --show-toplevel [3ms]
2024-05-17 00:22:43.315 [info] fatal: not a git repository (or any parent up to mount point /)
Stopping at filesystem boundary (GIT_DISCOVERY_ACROSS_FILESYSTEM not set).
2024-05-17 00:23:52.701 [info] > git rev-parse --show-toplevel [6ms]
2024-05-17 00:23:52.701 [info] fatal: not a git repository (or any parent up to mount point /)
Stopping at filesystem boundary (GIT_DISCOVERY_ACROSS_FILESYSTEM not set).
