2024-05-17 21:47:17.482 [info] Log level: Info
2024-05-17 21:47:17.482 [info] Validating found git in: "git"
2024-05-17 21:47:17.482 [info] Using git "2.34.1" from "git"
2024-05-17 21:47:17.482 [info] > git rev-parse --show-toplevel [5ms]
2024-05-17 21:47:17.482 [info] fatal: not a git repository (or any parent up to mount point /)
Stopping at filesystem boundary (GIT_DISCOVERY_ACROSS_FILESYSTEM not set).
2024-05-17 21:47:17.482 [info] > git rev-parse --show-toplevel [2ms]
2024-05-17 21:47:17.482 [info] fatal: not a git repository (or any parent up to mount point /)
Stopping at filesystem boundary (GIT_DISCOVERY_ACROSS_FILESYSTEM not set).
2024-05-17 21:47:17.483 [info] > git rev-parse --show-toplevel [1ms]
2024-05-17 21:47:17.483 [info] fatal: not a git repository (or any parent up to mount point /)
Stopping at filesystem boundary (GIT_DISCOVERY_ACROSS_FILESYSTEM not set).
2024-05-17 21:47:17.491 [info] > git rev-parse --show-toplevel [1ms]
2024-05-17 21:47:17.491 [info] fatal: not a git repository (or any parent up to mount point /)
Stopping at filesystem boundary (GIT_DISCOVERY_ACROSS_FILESYSTEM not set).
2024-05-17 21:47:17.498 [info] > git rev-parse --show-toplevel [2ms]
2024-05-17 21:47:17.498 [info] fatal: not a git repository (or any parent up to mount point /)
Stopping at filesystem boundary (GIT_DISCOVERY_ACROSS_FILESYSTEM not set).
2024-05-17 21:47:17.506 [info] > git rev-parse --show-toplevel [2ms]
2024-05-17 21:47:17.506 [info] fatal: not a git repository (or any parent up to mount point /)
Stopping at filesystem boundary (GIT_DISCOVERY_ACROSS_FILESYSTEM not set).
2024-05-17 21:47:17.514 [info] > git rev-parse --show-toplevel [3ms]
2024-05-17 21:47:17.514 [info] fatal: not a git repository (or any parent up to mount point /)
Stopping at filesystem boundary (GIT_DISCOVERY_ACROSS_FILESYSTEM not set).
2024-05-17 21:47:17.522 [info] > git rev-parse --show-toplevel [2ms]
2024-05-17 21:47:17.522 [info] fatal: not a git repository (or any parent up to mount point /)
Stopping at filesystem boundary (GIT_DISCOVERY_ACROSS_FILESYSTEM not set).
2024-05-17 21:47:17.530 [info] > git rev-parse --show-toplevel [2ms]
2024-05-17 21:47:17.530 [info] fatal: not a git repository (or any parent up to mount point /)
Stopping at filesystem boundary (GIT_DISCOVERY_ACROSS_FILESYSTEM not set).
2024-05-17 21:47:17.548 [info] > git rev-parse --show-toplevel [10ms]
2024-05-17 21:47:17.548 [info] fatal: not a git repository (or any parent up to mount point /)
Stopping at filesystem boundary (GIT_DISCOVERY_ACROSS_FILESYSTEM not set).
2024-05-17 21:47:23.115 [info] > git rev-parse --show-toplevel [2ms]
2024-05-17 21:47:23.115 [info] fatal: not a git repository (or any parent up to mount point /)
Stopping at filesystem boundary (GIT_DISCOVERY_ACROSS_FILESYSTEM not set).
