2024-05-17 22:09:30.636 [info] Extension host with pid 2685 started
2024-05-17 22:09:30.694 [info] Lock '/home/kuzey3258/.codeoss/data/User/workspaceStorage/56c4f9dc/vscode.lock': Lock acquired.
2024-05-17 22:09:30.981 [info] ExtensionService#_doActivateExtension vscode.emmet, startup: false, activationEvent: 'onLanguage'
2024-05-17 22:09:31.983 [info] ExtensionService#_doActivateExtension vscode.git-base, startup: true, activationEvent: '*', root cause: vscode.git
2024-05-17 22:09:31.992 [info] ExtensionService#_doActivateExtension vscode.npm, startup: true, activationEvent: 'workspaceContains:package.json'
2024-05-17 22:09:32.502 [error] No bundle location found for extension vscode.emmet
2024-05-17 22:09:32.573 [error] No bundle location found for extension vscode.npm
2024-05-17 22:09:32.613 [error] No bundle location found for extension vscode.git-base
2024-05-17 22:09:32.616 [info] ExtensionService#_doActivateExtension vscode.git, startup: true, activationEvent: '*'
2024-05-17 22:09:32.616 [info] ExtensionService#_doActivateExtension vscode.github, startup: true, activationEvent: '*'
2024-05-17 22:09:33.005 [error] No bundle location found for extension vscode.github
2024-05-17 22:09:33.044 [warning] Using default string since no string found in i18n bundle that has the key: Log level: {0}
2024-05-17 22:09:33.047 [error] No bundle location found for extension vscode.git
2024-05-17 22:09:33.142 [warning] Using default string since no string found in i18n bundle that has the key: Log level: {0}
2024-05-17 22:09:33.145 [warning] Using default string since no string found in i18n bundle that has the key: Validating found git in: "{0}"
2024-05-17 22:09:33.165 [warning] Using default string since no string found in i18n bundle that has the key: Enables the following features: {0}
2024-05-17 22:09:33.166 [warning] Using default string since no string found in i18n bundle that has the key: Using git "{0}" from "{1}"
2024-05-17 22:09:33.184 [warning] Using default string since no string found in i18n bundle that has the key: Git History
2024-05-17 22:09:33.187 [warning] Using default string since no string found in i18n bundle that has the key: Copy vscode.dev Link
2024-05-17 22:09:36.455 [info] ExtensionService#_doActivateExtension redhat.fabric8-analytics, startup: true, activationEvent: 'workspaceContains:**/package.json,**/pom.xml,**/requirements.txt,**/go.mod'
2024-05-17 22:09:36.801 [error] No bundle location found for extension redhat.fabric8-analytics
2024-05-17 22:09:36.924 [info] Eager extensions activated
2024-05-17 22:09:36.924 [info] ExtensionService#_doActivateExtension EditorConfig.EditorConfig, startup: false, activationEvent: 'onStartupFinished'
2024-05-17 22:09:36.925 [info] ExtensionService#_doActivateExtension google.cloud-shell, startup: false, activationEvent: 'onStartupFinished'
2024-05-17 22:09:36.925 [info] ExtensionService#_doActivateExtension googlecloudtools.cloudcode, startup: false, activationEvent: 'onStartupFinished'
2024-05-17 22:09:36.926 [info] ExtensionService#_doActivateExtension vscode.debug-auto-launch, startup: false, activationEvent: 'onStartupFinished'
2024-05-17 22:09:36.926 [info] ExtensionService#_doActivateExtension vscode.merge-conflict, startup: false, activationEvent: 'onStartupFinished'
2024-05-17 22:09:37.596 [error] No bundle location found for extension google.cloud-shell
2024-05-17 22:09:37.618 [error] No bundle location found for extension vscode.merge-conflict
2024-05-17 22:09:37.651 [warning] Using default string since no string found in i18n bundle that has the key: (Current Change)
2024-05-17 22:09:37.652 [warning] Using default string since no string found in i18n bundle that has the key: (Incoming Change)
2024-05-17 22:09:37.730 [info] ExtensionService#_doActivateExtension vscode.json-language-features, startup: false, activationEvent: 'onLanguage:jsonc'
2024-05-17 22:09:37.730 [info] ExtensionService#_doActivateExtension vscode.typescript-language-features, startup: false, activationEvent: 'onLanguage:jsonc'
2024-05-17 22:09:37.731 [error] No bundle location found for extension googlecloudtools.cloudcode
2024-05-17 22:09:39.761 [error] No bundle location found for extension EditorConfig.EditorConfig
2024-05-17 22:09:39.761 [error] No bundle location found for extension vscode.debug-auto-launch
2024-05-17 22:09:39.777 [warning] Using default string since no string found in i18n bundle that has the key: Auto Attach: Disabled
2024-05-17 22:09:39.777 [warning] Using default string since no string found in i18n bundle that has the key: Auto Attach: Always
2024-05-17 22:09:39.777 [warning] Using default string since no string found in i18n bundle that has the key: Auto Attach: Smart
2024-05-17 22:09:39.777 [warning] Using default string since no string found in i18n bundle that has the key: Auto Attach: With Flag
2024-05-17 22:09:39.777 [warning] Using default string since no string found in i18n bundle that has the key: Disabled
2024-05-17 22:09:39.778 [warning] Using default string since no string found in i18n bundle that has the key: Always
2024-05-17 22:09:39.778 [warning] Using default string since no string found in i18n bundle that has the key: Smart
2024-05-17 22:09:39.778 [warning] Using default string since no string found in i18n bundle that has the key: Only With Flag
2024-05-17 22:09:39.778 [warning] Using default string since no string found in i18n bundle that has the key: Auto attach is disabled and not shown in status bar
2024-05-17 22:09:39.778 [warning] Using default string since no string found in i18n bundle that has the key: Auto attach to every Node.js process launched in the terminal
2024-05-17 22:09:39.778 [warning] Using default string since no string found in i18n bundle that has the key: Auto attach when running scripts that aren't in a node_modules folder
2024-05-17 22:09:39.778 [warning] Using default string since no string found in i18n bundle that has the key: Only auto attach when the `--inspect` flag is given
2024-05-17 22:09:39.778 [warning] Using default string since no string found in i18n bundle that has the key: Toggle auto attach in this workspace
2024-05-17 22:09:39.778 [warning] Using default string since no string found in i18n bundle that has the key: Toggle auto attach on this machine
2024-05-17 22:09:39.778 [warning] Using default string since no string found in i18n bundle that has the key: Temporarily disable auto attach in this session
2024-05-17 22:09:39.778 [warning] Using default string since no string found in i18n bundle that has the key: Re-enable auto attach
2024-05-17 22:09:39.778 [warning] Using default string since no string found in i18n bundle that has the key: Auto Attach: Disabled
2024-05-17 22:09:40.123 [error] No bundle location found for extension vscode.json-language-features
2024-05-17 22:09:40.205 [warning] Using default string since no string found in i18n bundle that has the key: Configure
2024-05-17 22:09:40.205 [warning] Using default string since no string found in i18n bundle that has the key: JSON Language Server
2024-05-17 22:09:40.228 [error] No bundle location found for extension vscode.typescript-language-features
2024-05-17 22:09:40.297 [warning] Using default string since no string found in i18n bundle that has the key: Learn more about managing TypeScript versions
2024-05-17 22:09:40.325 [warning] Using default string since no string found in i18n bundle that has the key: JSON: Schema Resolution Error
2024-05-17 22:09:40.542 [warning] Using default string since no string found in i18n bundle that has the key: Unable to resolve schema. Click to retry.
2024-05-17 22:09:40.543 [warning] Using default string since no string found in i18n bundle that has the key: JSON Validation Status
2024-05-17 22:09:40.543 [warning] Using default string since no string found in i18n bundle that has the key: Loading JSON info
2024-05-17 22:09:40.555 [warning] Using default string since no string found in i18n bundle that has the key: No Schema Validation
2024-05-17 22:09:40.555 [warning] Using default string since no string found in i18n bundle that has the key: no JSON schema configured
2024-05-17 22:09:40.555 [warning] Using default string since no string found in i18n bundle that has the key: Show Schemas
2024-05-17 22:11:28.887 [info] Extension host terminating: received terminate message from renderer
2024-05-17 22:11:28.887 [info] Lock '/home/kuzey3258/.codeoss/data/User/workspaceStorage/56c4f9dc/vscode.lock': Marking the lockfile as scheduled to be released in 6000 ms.
2024-05-17 22:11:28.918 [info] Extension host with pid 2685 exiting with code 0
