2024-05-17 21:47:14.456 [info] Extension host with pid 1383 started
2024-05-17 21:47:14.525 [info] Lock '/home/kuzey3258/.codeoss/data/User/workspaceStorage/56c4f9dc/vscode.lock': Lock acquired.
2024-05-17 21:47:14.837 [info] ExtensionService#_doActivateExtension vscode.emmet, startup: false, activationEvent: 'onLanguage'
2024-05-17 21:47:15.839 [info] ExtensionService#_doActivateExtension vscode.git-base, startup: true, activationEvent: '*', root cause: vscode.git
2024-05-17 21:47:15.845 [info] ExtensionService#_doActivateExtension vscode.npm, startup: true, activationEvent: 'workspaceContains:package.json'
2024-05-17 21:47:16.700 [error] No bundle location found for extension vscode.emmet
2024-05-17 21:47:16.746 [error] No bundle location found for extension vscode.npm
2024-05-17 21:47:16.746 [error] No bundle location found for extension vscode.git-base
2024-05-17 21:47:16.792 [info] ExtensionService#_doActivateExtension vscode.git, startup: true, activationEvent: '*'
2024-05-17 21:47:16.793 [info] ExtensionService#_doActivateExtension vscode.github, startup: true, activationEvent: '*'
2024-05-17 21:47:17.261 [error] No bundle location found for extension vscode.git
2024-05-17 21:47:17.359 [warning] Using default string since no string found in i18n bundle that has the key: Log level: {0}
2024-05-17 21:47:17.365 [warning] Using default string since no string found in i18n bundle that has the key: Validating found git in: "{0}"
2024-05-17 21:47:17.380 [error] No bundle location found for extension vscode.github
2024-05-17 21:47:17.423 [warning] Using default string since no string found in i18n bundle that has the key: Log level: {0}
2024-05-17 21:47:17.430 [warning] Using default string since no string found in i18n bundle that has the key: Enables the following features: {0}
2024-05-17 21:47:17.431 [warning] Using default string since no string found in i18n bundle that has the key: Using git "{0}" from "{1}"
2024-05-17 21:47:17.442 [warning] Using default string since no string found in i18n bundle that has the key: Git History
2024-05-17 21:47:17.446 [warning] Using default string since no string found in i18n bundle that has the key: Copy vscode.dev Link
2024-05-17 21:47:18.974 [info] ExtensionService#_doActivateExtension redhat.fabric8-analytics, startup: true, activationEvent: 'workspaceContains:**/package.json,**/pom.xml,**/requirements.txt,**/go.mod'
2024-05-17 21:47:19.457 [error] No bundle location found for extension redhat.fabric8-analytics
2024-05-17 21:47:19.637 [info] Eager extensions activated
2024-05-17 21:47:19.638 [info] ExtensionService#_doActivateExtension EditorConfig.EditorConfig, startup: false, activationEvent: 'onStartupFinished'
2024-05-17 21:47:19.638 [info] ExtensionService#_doActivateExtension google.cloud-shell, startup: false, activationEvent: 'onStartupFinished'
2024-05-17 21:47:19.638 [info] ExtensionService#_doActivateExtension googlecloudtools.cloudcode, startup: false, activationEvent: 'onStartupFinished'
2024-05-17 21:47:19.639 [info] ExtensionService#_doActivateExtension vscode.debug-auto-launch, startup: false, activationEvent: 'onStartupFinished'
2024-05-17 21:47:19.639 [info] ExtensionService#_doActivateExtension vscode.merge-conflict, startup: false, activationEvent: 'onStartupFinished'
2024-05-17 21:47:20.049 [error] No bundle location found for extension EditorConfig.EditorConfig
2024-05-17 21:47:20.221 [error] No bundle location found for extension google.cloud-shell
2024-05-17 21:47:20.222 [error] No bundle location found for extension vscode.merge-conflict
2024-05-17 21:47:20.286 [warning] Using default string since no string found in i18n bundle that has the key: (Current Change)
2024-05-17 21:47:20.287 [warning] Using default string since no string found in i18n bundle that has the key: (Incoming Change)
2024-05-17 21:47:20.298 [error] No bundle location found for extension vscode.debug-auto-launch
2024-05-17 21:47:20.302 [warning] Using default string since no string found in i18n bundle that has the key: Auto Attach: Disabled
2024-05-17 21:47:20.302 [warning] Using default string since no string found in i18n bundle that has the key: Auto Attach: Always
2024-05-17 21:47:20.302 [warning] Using default string since no string found in i18n bundle that has the key: Auto Attach: Smart
2024-05-17 21:47:20.302 [warning] Using default string since no string found in i18n bundle that has the key: Auto Attach: With Flag
2024-05-17 21:47:20.302 [warning] Using default string since no string found in i18n bundle that has the key: Disabled
2024-05-17 21:47:20.303 [warning] Using default string since no string found in i18n bundle that has the key: Always
2024-05-17 21:47:20.303 [warning] Using default string since no string found in i18n bundle that has the key: Smart
2024-05-17 21:47:20.303 [warning] Using default string since no string found in i18n bundle that has the key: Only With Flag
2024-05-17 21:47:20.303 [warning] Using default string since no string found in i18n bundle that has the key: Auto attach is disabled and not shown in status bar
2024-05-17 21:47:20.303 [warning] Using default string since no string found in i18n bundle that has the key: Auto attach to every Node.js process launched in the terminal
2024-05-17 21:47:20.303 [warning] Using default string since no string found in i18n bundle that has the key: Auto attach when running scripts that aren't in a node_modules folder
2024-05-17 21:47:20.303 [warning] Using default string since no string found in i18n bundle that has the key: Only auto attach when the `--inspect` flag is given
2024-05-17 21:47:20.303 [warning] Using default string since no string found in i18n bundle that has the key: Toggle auto attach in this workspace
2024-05-17 21:47:20.303 [warning] Using default string since no string found in i18n bundle that has the key: Toggle auto attach on this machine
2024-05-17 21:47:20.303 [warning] Using default string since no string found in i18n bundle that has the key: Temporarily disable auto attach in this session
2024-05-17 21:47:20.303 [warning] Using default string since no string found in i18n bundle that has the key: Re-enable auto attach
2024-05-17 21:47:20.303 [warning] Using default string since no string found in i18n bundle that has the key: Auto Attach: Disabled
2024-05-17 21:47:20.318 [error] No bundle location found for extension googlecloudtools.cloudcode
2024-05-17 21:47:22.458 [info] ExtensionService#_doActivateExtension vscode.json-language-features, startup: false, activationEvent: 'onLanguage:jsonc'
2024-05-17 21:47:22.459 [info] ExtensionService#_doActivateExtension vscode.typescript-language-features, startup: false, activationEvent: 'onLanguage:jsonc'
2024-05-17 21:47:23.094 [warning] Using default string since no string found in i18n bundle that has the key: (Current Change)
2024-05-17 21:47:23.095 [warning] Using default string since no string found in i18n bundle that has the key: (Incoming Change)
2024-05-17 21:47:26.504 [error] No bundle location found for extension vscode.json-language-features
2024-05-17 21:47:26.504 [error] No bundle location found for extension vscode.typescript-language-features
2024-05-17 21:47:26.642 [warning] Using default string since no string found in i18n bundle that has the key: Configure
2024-05-17 21:47:26.642 [warning] Using default string since no string found in i18n bundle that has the key: JSON Language Server
2024-05-17 21:47:26.749 [warning] Using default string since no string found in i18n bundle that has the key: Learn more about managing TypeScript versions
2024-05-17 21:47:26.793 [warning] Using default string since no string found in i18n bundle that has the key: JSON: Schema Resolution Error
2024-05-17 21:47:27.016 [warning] Using default string since no string found in i18n bundle that has the key: Unable to resolve schema. Click to retry.
2024-05-17 21:47:27.017 [warning] Using default string since no string found in i18n bundle that has the key: JSON Validation Status
2024-05-17 21:47:27.018 [warning] Using default string since no string found in i18n bundle that has the key: Unable to compute used schemas: No document
2024-05-17 21:54:00.740 [info] Extension host terminating: received terminate message from renderer
2024-05-17 21:54:00.741 [info] Lock '/home/kuzey3258/.codeoss/data/User/workspaceStorage/56c4f9dc/vscode.lock': Marking the lockfile as scheduled to be released in 6000 ms.
2024-05-17 21:54:00.786 [info] Extension host with pid 1383 exiting with code 0
