2024-05-08 20:53:00.196 [info] Log level: Info
2024-05-08 20:53:00.196 [info] Validating found git in: "git"
2024-05-08 20:53:00.196 [info] Using git "2.34.1" from "git"
2024-05-08 20:53:00.196 [info] > git rev-parse --show-toplevel [3ms]
2024-05-08 20:53:00.196 [info] fatal: not a git repository (or any parent up to mount point /)
Stopping at filesystem boundary (GIT_DISCOVERY_ACROSS_FILESYSTEM not set).
2024-05-08 20:53:00.196 [info] > git rev-parse --show-toplevel [1ms]
2024-05-08 20:53:00.196 [info] fatal: not a git repository (or any parent up to mount point /)
Stopping at filesystem boundary (GIT_DISCOVERY_ACROSS_FILESYSTEM not set).
2024-05-08 20:53:00.196 [info] > git rev-parse --show-toplevel [1ms]
2024-05-08 20:53:00.196 [info] fatal: not a git repository (or any parent up to mount point /)
Stopping at filesystem boundary (GIT_DISCOVERY_ACROSS_FILESYSTEM not set).
2024-05-08 20:53:00.196 [info] > git rev-parse --show-toplevel [2ms]
2024-05-08 20:53:00.196 [info] fatal: not a git repository (or any parent up to mount point /)
Stopping at filesystem boundary (GIT_DISCOVERY_ACROSS_FILESYSTEM not set).
2024-05-08 20:53:00.196 [info] > git rev-parse --show-toplevel [2ms]
2024-05-08 20:53:00.196 [info] fatal: not a git repository (or any parent up to mount point /)
Stopping at filesystem boundary (GIT_DISCOVERY_ACROSS_FILESYSTEM not set).
2024-05-08 20:53:00.196 [info] > git rev-parse --show-toplevel [1ms]
2024-05-08 20:53:00.196 [info] fatal: not a git repository (or any parent up to mount point /)
Stopping at filesystem boundary (GIT_DISCOVERY_ACROSS_FILESYSTEM not set).
2024-05-08 20:53:00.196 [info] > git rev-parse --show-toplevel [2ms]
2024-05-08 20:53:00.196 [info] fatal: not a git repository (or any parent up to mount point /)
Stopping at filesystem boundary (GIT_DISCOVERY_ACROSS_FILESYSTEM not set).
2024-05-08 20:53:00.196 [info] > git rev-parse --show-toplevel [1ms]
2024-05-08 20:53:00.196 [info] fatal: not a git repository (or any parent up to mount point /)
Stopping at filesystem boundary (GIT_DISCOVERY_ACROSS_FILESYSTEM not set).
2024-05-08 20:53:00.196 [info] > git rev-parse --show-toplevel [2ms]
2024-05-08 20:53:00.196 [info] fatal: not a git repository (or any parent up to mount point /)
Stopping at filesystem boundary (GIT_DISCOVERY_ACROSS_FILESYSTEM not set).
2024-05-08 20:53:00.196 [info] > git rev-parse --show-toplevel [2ms]
2024-05-08 20:53:00.196 [info] fatal: not a git repository (or any parent up to mount point /)
Stopping at filesystem boundary (GIT_DISCOVERY_ACROSS_FILESYSTEM not set).
2024-05-08 20:53:01.963 [info] > git rev-parse --show-toplevel [2ms]
2024-05-08 20:53:01.963 [info] fatal: not a git repository (or any parent up to mount point /)
Stopping at filesystem boundary (GIT_DISCOVERY_ACROSS_FILESYSTEM not set).
2024-05-08 20:53:19.425 [info] > git rev-parse --show-toplevel [1ms]
2024-05-08 20:53:19.425 [info] fatal: not a git repository (or any parent up to mount point /)
Stopping at filesystem boundary (GIT_DISCOVERY_ACROSS_FILESYSTEM not set).
2024-05-08 20:53:21.003 [info] > git rev-parse --show-toplevel [4ms]
2024-05-08 20:53:21.003 [info] fatal: not a git repository (or any parent up to mount point /)
Stopping at filesystem boundary (GIT_DISCOVERY_ACROSS_FILESYSTEM not set).
2024-05-08 21:12:45.027 [info] > git rev-parse --show-toplevel [60ms]
2024-05-08 21:12:45.028 [info] fatal: not a git repository (or any parent up to mount point /)
Stopping at filesystem boundary (GIT_DISCOVERY_ACROSS_FILESYSTEM not set).
