2024-05-14 10:49:54.131 [info] Extension host with pid 1157 started
2024-05-14 10:49:54.141 [error] Error: EEXIST: file already exists, open '/home/kuzey3258/.codeoss/data/User/workspaceStorage/-7f5850ca/vscode.lock'
2024-05-14 10:49:54.168 [info] Lock '/home/kuzey3258/.codeoss/data/User/workspaceStorage/-7f5850ca/vscode.lock': Could not acquire lock, checking if the file is stale.
2024-05-14 10:49:54.169 [info] Lock '/home/kuzey3258/.codeoss/data/User/workspaceStorage/-7f5850ca/vscode.lock': The pid 1322 appears to be gone.
2024-05-14 10:49:54.169 [info] Lock '/home/kuzey3258/.codeoss/data/User/workspaceStorage/-7f5850ca/vscode.lock': Deleting a stale lock.
2024-05-14 10:49:54.181 [info] Lock '/home/kuzey3258/.codeoss/data/User/workspaceStorage/-7f5850ca/vscode.lock': Lock acquired.
2024-05-14 10:49:54.493 [info] ExtensionService#_doActivateExtension vscode.emmet, startup: false, activationEvent: 'onLanguage'
2024-05-14 10:49:55.495 [info] ExtensionService#_doActivateExtension vscode.git-base, startup: true, activationEvent: '*', root cause: vscode.git
2024-05-14 10:49:55.500 [info] ExtensionService#_doActivateExtension vscode.npm, startup: true, activationEvent: 'workspaceContains:package.json'
2024-05-14 10:49:55.780 [info] ExtensionService#_doActivateExtension redhat.fabric8-analytics, startup: true, activationEvent: 'workspaceContains:**/package.json,**/pom.xml,**/requirements.txt,**/go.mod'
2024-05-14 10:49:56.196 [error] No bundle location found for extension vscode.emmet
2024-05-14 10:49:56.196 [error] No bundle location found for extension vscode.git-base
2024-05-14 10:49:56.196 [error] No bundle location found for extension vscode.npm
2024-05-14 10:49:56.196 [error] No bundle location found for extension redhat.fabric8-analytics
2024-05-14 10:49:56.452 [info] ExtensionService#_doActivateExtension vscode.git, startup: true, activationEvent: '*'
2024-05-14 10:49:56.452 [info] ExtensionService#_doActivateExtension vscode.github, startup: true, activationEvent: '*'
2024-05-14 10:49:56.821 [error] No bundle location found for extension vscode.github
2024-05-14 10:49:56.821 [error] No bundle location found for extension vscode.git
2024-05-14 10:49:56.959 [warning] Using default string since no string found in i18n bundle that has the key: Log level: {0}
2024-05-14 10:49:56.961 [warning] Using default string since no string found in i18n bundle that has the key: Log level: {0}
2024-05-14 10:49:56.963 [warning] Using default string since no string found in i18n bundle that has the key: Validating found git in: "{0}"
2024-05-14 10:49:56.993 [warning] Using default string since no string found in i18n bundle that has the key: Enables the following features: {0}
2024-05-14 10:49:56.994 [warning] Using default string since no string found in i18n bundle that has the key: Using git "{0}" from "{1}"
2024-05-14 10:49:57.004 [warning] Using default string since no string found in i18n bundle that has the key: Git History
2024-05-14 10:49:57.008 [warning] Using default string since no string found in i18n bundle that has the key: Copy vscode.dev Link
2024-05-14 10:49:57.804 [info] Eager extensions activated
2024-05-14 10:49:57.805 [info] ExtensionService#_doActivateExtension EditorConfig.EditorConfig, startup: false, activationEvent: 'onStartupFinished'
2024-05-14 10:49:57.805 [info] ExtensionService#_doActivateExtension google.cloud-shell, startup: false, activationEvent: 'onStartupFinished'
2024-05-14 10:49:57.806 [info] ExtensionService#_doActivateExtension googlecloudtools.cloudcode, startup: false, activationEvent: 'onStartupFinished'
2024-05-14 10:49:57.806 [info] ExtensionService#_doActivateExtension vscode.debug-auto-launch, startup: false, activationEvent: 'onStartupFinished'
2024-05-14 10:49:57.807 [info] ExtensionService#_doActivateExtension vscode.merge-conflict, startup: false, activationEvent: 'onStartupFinished'
2024-05-14 10:49:58.806 [error] No bundle location found for extension EditorConfig.EditorConfig
2024-05-14 10:49:58.882 [error] No bundle location found for extension google.cloud-shell
2024-05-14 10:49:58.924 [error] No bundle location found for extension googlecloudtools.cloudcode
2024-05-14 10:50:00.858 [info] ExtensionService#_doActivateExtension vscode.json-language-features, startup: false, activationEvent: 'onLanguage:jsonc'
2024-05-14 10:50:00.858 [info] ExtensionService#_doActivateExtension vscode.typescript-language-features, startup: false, activationEvent: 'onLanguage:jsonc'
2024-05-14 10:50:00.859 [error] No bundle location found for extension vscode.debug-auto-launch
2024-05-14 10:50:00.859 [error] No bundle location found for extension vscode.merge-conflict
2024-05-14 10:50:00.863 [warning] Using default string since no string found in i18n bundle that has the key: Auto Attach: Disabled
2024-05-14 10:50:00.863 [warning] Using default string since no string found in i18n bundle that has the key: Auto Attach: Always
2024-05-14 10:50:00.863 [warning] Using default string since no string found in i18n bundle that has the key: Auto Attach: Smart
2024-05-14 10:50:00.864 [warning] Using default string since no string found in i18n bundle that has the key: Auto Attach: With Flag
2024-05-14 10:50:00.864 [warning] Using default string since no string found in i18n bundle that has the key: Disabled
2024-05-14 10:50:00.864 [warning] Using default string since no string found in i18n bundle that has the key: Always
2024-05-14 10:50:00.864 [warning] Using default string since no string found in i18n bundle that has the key: Smart
2024-05-14 10:50:00.864 [warning] Using default string since no string found in i18n bundle that has the key: Only With Flag
2024-05-14 10:50:00.864 [warning] Using default string since no string found in i18n bundle that has the key: Auto attach is disabled and not shown in status bar
2024-05-14 10:50:00.864 [warning] Using default string since no string found in i18n bundle that has the key: Auto attach to every Node.js process launched in the terminal
2024-05-14 10:50:00.864 [warning] Using default string since no string found in i18n bundle that has the key: Auto attach when running scripts that aren't in a node_modules folder
2024-05-14 10:50:00.864 [warning] Using default string since no string found in i18n bundle that has the key: Only auto attach when the `--inspect` flag is given
2024-05-14 10:50:00.864 [warning] Using default string since no string found in i18n bundle that has the key: Toggle auto attach in this workspace
2024-05-14 10:50:00.864 [warning] Using default string since no string found in i18n bundle that has the key: Toggle auto attach on this machine
2024-05-14 10:50:00.864 [warning] Using default string since no string found in i18n bundle that has the key: Temporarily disable auto attach in this session
2024-05-14 10:50:00.864 [warning] Using default string since no string found in i18n bundle that has the key: Re-enable auto attach
2024-05-14 10:50:00.864 [warning] Using default string since no string found in i18n bundle that has the key: Auto Attach: Disabled
2024-05-14 10:50:00.898 [warning] Using default string since no string found in i18n bundle that has the key: (Current Change)
2024-05-14 10:50:00.899 [warning] Using default string since no string found in i18n bundle that has the key: (Incoming Change)
2024-05-14 10:50:00.976 [warning] Using default string since no string found in i18n bundle that has the key: (Current Change)
2024-05-14 10:50:00.977 [warning] Using default string since no string found in i18n bundle that has the key: (Incoming Change)
2024-05-14 10:50:01.649 [error] No bundle location found for extension vscode.typescript-language-features
2024-05-14 10:50:01.721 [warning] Using default string since no string found in i18n bundle that has the key: Learn more about managing TypeScript versions
2024-05-14 10:50:01.758 [error] No bundle location found for extension vscode.json-language-features
2024-05-14 10:50:01.834 [warning] Using default string since no string found in i18n bundle that has the key: Configure
2024-05-14 10:50:01.834 [warning] Using default string since no string found in i18n bundle that has the key: JSON Language Server
2024-05-14 10:50:02.167 [warning] Using default string since no string found in i18n bundle that has the key: JSON: Schema Resolution Error
2024-05-14 10:50:02.423 [warning] Using default string since no string found in i18n bundle that has the key: Unable to resolve schema. Click to retry.
2024-05-14 10:50:02.424 [warning] Using default string since no string found in i18n bundle that has the key: JSON Validation Status
2024-05-14 10:50:02.424 [warning] Using default string since no string found in i18n bundle that has the key: Unable to compute used schemas: No document
2024-05-14 10:51:37.361 [warning] Using default string since no string found in i18n bundle that has the key: Loading JSON info
2024-05-14 10:51:37.370 [warning] Using default string since no string found in i18n bundle that has the key: TypeScript Version
2024-05-14 10:51:37.371 [warning] Using default string since no string found in i18n bundle that has the key: TypeScript Version
2024-05-14 10:51:37.371 [warning] Using default string since no string found in i18n bundle that has the key: TypeScript: Configure Excludes
2024-05-14 10:51:37.409 [warning] Using default string since no string found in i18n bundle that has the key: Select Version
2024-05-14 10:51:37.417 [warning] Using default string since no string found in i18n bundle that has the key: JS/TS IntelliSense Status
2024-05-14 10:51:37.417 [warning] Using default string since no string found in i18n bundle that has the key: Loading IntelliSense status
2024-05-14 10:51:37.427 [warning] Using default string since no string found in i18n bundle that has the key: Could not determine references
2024-05-14 10:51:37.434 [warning] Using default string since no string found in i18n bundle that has the key: Enables semantic checking in a JavaScript file. Must be at the top of a file.
2024-05-14 10:51:37.434 [warning] Using default string since no string found in i18n bundle that has the key: Disables semantic checking in a JavaScript file. Must be at the top of a file.
2024-05-14 10:51:37.434 [warning] Using default string since no string found in i18n bundle that has the key: Suppresses @ts-check errors on the next line of a file.
2024-05-14 10:51:37.434 [warning] Using default string since no string found in i18n bundle that has the key: Suppresses @ts-check errors on the next line of a file, expecting at least one to exist.
2024-05-14 10:51:37.452 [warning] Using default string since no string found in i18n bundle that has the key: Organize Imports
2024-05-14 10:51:37.453 [warning] Using default string since no string found in i18n bundle that has the key: Sort Imports
2024-05-14 10:51:37.453 [warning] Using default string since no string found in i18n bundle that has the key: Remove Unused Imports
2024-05-14 10:51:37.456 [warning] Using default string since no string found in i18n bundle that has the key: Learn more about JS/TS refactorings
2024-05-14 10:51:37.519 [warning] Using default string since no string found in i18n bundle that has the key: No Schema Validation
2024-05-14 10:51:37.520 [warning] Using default string since no string found in i18n bundle that has the key: no JSON schema configured
2024-05-14 10:51:37.520 [warning] Using default string since no string found in i18n bundle that has the key: Show Schemas
2024-05-14 10:51:51.853 [warning] Using default string since no string found in i18n bundle that has the key: No jsconfig
2024-05-14 10:51:51.853 [warning] Using default string since no string found in i18n bundle that has the key: Configure jsconfig
2024-05-14 10:51:54.362 [warning] Using default string since no string found in i18n bundle that has the key: Fetching data for better TypeScript IntelliSense
2024-05-14 10:54:20.269 [warning] Using default string since no string found in i18n bundle that has the key: Unable to compute used schemas: No document
2024-05-14 10:54:20.380 [warning] Using default string since no string found in i18n bundle that has the key: Loading JSON info
2024-05-14 10:54:20.399 [warning] Using default string since no string found in i18n bundle that has the key: No Schema Validation
2024-05-14 10:54:20.399 [warning] Using default string since no string found in i18n bundle that has the key: no JSON schema configured
2024-05-14 10:54:20.399 [warning] Using default string since no string found in i18n bundle that has the key: Show Schemas
