2024-05-10 12:53:33.724 [info] Log level: Info
2024-05-10 12:53:33.724 [info] Validating found git in: "git"
2024-05-10 12:53:33.724 [info] Using git "2.34.1" from "git"
2024-05-10 12:53:33.724 [info] > git rev-parse --show-toplevel [60ms]
2024-05-10 12:53:33.724 [info] fatal: not a git repository (or any parent up to mount point /)
Stopping at filesystem boundary (GIT_DISCOVERY_ACROSS_FILESYSTEM not set).
2024-05-10 12:53:33.724 [info] > git rev-parse --show-toplevel [146ms]
2024-05-10 12:53:33.724 [info] fatal: not a git repository (or any parent up to mount point /)
Stopping at filesystem boundary (GIT_DISCOVERY_ACROSS_FILESYSTEM not set).
2024-05-10 12:53:33.724 [info] > git rev-parse --show-toplevel [21ms]
2024-05-10 12:53:33.724 [info] fatal: not a git repository (or any parent up to mount point /)
Stopping at filesystem boundary (GIT_DISCOVERY_ACROSS_FILESYSTEM not set).
2024-05-10 12:53:33.737 [info] > git rev-parse --show-toplevel [3ms]
2024-05-10 12:53:33.738 [info] fatal: not a git repository (or any parent up to mount point /)
Stopping at filesystem boundary (GIT_DISCOVERY_ACROSS_FILESYSTEM not set).
2024-05-10 12:53:33.760 [info] > git rev-parse --show-toplevel [8ms]
2024-05-10 12:53:33.761 [info] fatal: not a git repository (or any parent up to mount point /)
Stopping at filesystem boundary (GIT_DISCOVERY_ACROSS_FILESYSTEM not set).
2024-05-10 12:53:33.776 [info] > git rev-parse --show-toplevel [3ms]
2024-05-10 12:53:33.776 [info] fatal: not a git repository (or any parent up to mount point /)
Stopping at filesystem boundary (GIT_DISCOVERY_ACROSS_FILESYSTEM not set).
2024-05-10 12:53:33.794 [info] > git rev-parse --show-toplevel [4ms]
2024-05-10 12:53:33.794 [info] fatal: not a git repository (or any parent up to mount point /)
Stopping at filesystem boundary (GIT_DISCOVERY_ACROSS_FILESYSTEM not set).
2024-05-10 12:53:33.807 [info] > git rev-parse --show-toplevel [2ms]
2024-05-10 12:53:33.808 [info] fatal: not a git repository (or any parent up to mount point /)
Stopping at filesystem boundary (GIT_DISCOVERY_ACROSS_FILESYSTEM not set).
2024-05-10 12:53:33.822 [info] > git rev-parse --show-toplevel [2ms]
2024-05-10 12:53:33.822 [info] fatal: not a git repository (or any parent up to mount point /)
Stopping at filesystem boundary (GIT_DISCOVERY_ACROSS_FILESYSTEM not set).
2024-05-10 12:53:33.842 [info] > git rev-parse --show-toplevel [4ms]
2024-05-10 12:53:33.842 [info] fatal: not a git repository (or any parent up to mount point /)
Stopping at filesystem boundary (GIT_DISCOVERY_ACROSS_FILESYSTEM not set).
2024-05-10 12:53:33.859 [info] > git rev-parse --show-toplevel [2ms]
2024-05-10 12:53:33.859 [info] fatal: not a git repository (or any parent up to mount point /)
Stopping at filesystem boundary (GIT_DISCOVERY_ACROSS_FILESYSTEM not set).
